  jrUniverseSimulation.cpp
c:\program files (x86)\microsoft sdks\windows\v7.0a\include\basetsd.h(114): warning C4668: '__midl' is not defined as a preprocessor macro, replacing with '0' for '#if/#elif'
c:\program files (x86)\microsoft sdks\windows\v7.0a\include\winnt.h(8154): warning C4820: '_SECURITY_QUALITY_OF_SERVICE' : '2' bytes padding added after data member '_SECURITY_QUALITY_OF_SERVICE::EffectiveOnly'
c:\program files (x86)\microsoft sdks\windows\v7.0a\include\winnt.h(8165): warning C4820: '_SE_IMPERSONATION_STATE' : '2' bytes padding added after data member '_SE_IMPERSONATION_STATE::EffectiveOnly'
c:\program files (x86)\microsoft sdks\windows\v7.0a\include\winnt.h(8334): warning C4820: '_QUOTA_LIMITS' : '4' bytes padding added after data member '_QUOTA_LIMITS::PagefileLimit'
c:\program files (x86)\microsoft sdks\windows\v7.0a\include\winnt.h(8357): warning C4820: '_QUOTA_LIMITS_EX' : '4' bytes padding added after data member '_QUOTA_LIMITS_EX::PagefileLimit'
c:\program files (x86)\microsoft sdks\windows\v7.0a\include\winnt.h(8405): warning C4820: '_JOBOBJECT_BASIC_LIMIT_INFORMATION' : '4' bytes padding added after data member '_JOBOBJECT_BASIC_LIMIT_INFORMATION::SchedulingClass'
c:\program files (x86)\microsoft sdks\windows\v7.0a\include\winnt.h(8984): warning C4820: '_FILE_NOTIFY_INFORMATION' : '2' bytes padding added after data member '_FILE_NOTIFY_INFORMATION::FileName'
c:\program files (x86)\microsoft sdks\windows\v7.0a\include\winnt.h(9012): warning C4820: '_REPARSE_GUID_DATA_BUFFER' : '3' bytes padding added after data member '_REPARSE_GUID_DATA_BUFFER::GenericReparseBuffer'
c:\program files (x86)\microsoft sdks\windows\v7.0a\include\winnt.h(10131): warning C4820: '<unnamed-tag>' : '3' bytes padding added after data member '<unnamed-tag>::Data'
c:\program files (x86)\microsoft sdks\windows\v7.0a\include\winnt.h(10241): warning C4820: '<unnamed-tag>' : '4' bytes padding added after data member '<unnamed-tag>::DecreaseTime'
c:\program files (x86)\microsoft sdks\windows\v7.0a\include\winnt.h(10262): warning C4820: '<unnamed-tag>' : '4' bytes padding added after data member '<unnamed-tag>::TimerInterval'
c:\program files (x86)\microsoft sdks\windows\v7.0a\include\winnt.h(10307): warning C4820: '<unnamed-tag>' : '4' bytes padding added after data member '<unnamed-tag>::InvalidBucketIndex'
c:\program files (x86)\microsoft sdks\windows\v7.0a\include\winnt.h(10315): warning C4820: '<unnamed-tag>' : '4' bytes padding added after data member '<unnamed-tag>::ResetCount'
c:\program files (x86)\microsoft sdks\windows\v7.0a\include\winnt.h(10330): warning C4820: '<unnamed-tag>' : '4' bytes padding added after data member '<unnamed-tag>::Count'
c:\program files (x86)\microsoft sdks\windows\v7.0a\include\winnt.h(10339): warning C4820: '<unnamed-tag>' : '4' bytes padding added after data member '<unnamed-tag>::MaxTimeUs'
c:\program files (x86)\microsoft sdks\windows\v7.0a\include\winnt.h(10346): warning C4820: '<unnamed-tag>' : '4' bytes padding added after data member '<unnamed-tag>::ResetCount'
c:\program files (x86)\microsoft sdks\windows\v7.0a\include\winnt.h(10443): warning C4820: '<unnamed-tag>' : '4' bytes padding added after data member '<unnamed-tag>::Speed'
c:\program files (x86)\microsoft sdks\windows\v7.0a\include\winnt.h(10454): warning C4820: '<unnamed-tag>' : '4' bytes padding added after data member '<unnamed-tag>::ThermalConstraint'
c:\program files (x86)\microsoft sdks\windows\v7.0a\include\winnt.h(10462): warning C4820: '<unnamed-tag>' : '7' bytes padding added after data member '<unnamed-tag>::Mode'
c:\program files (x86)\microsoft sdks\windows\v7.0a\include\winnt.h(10558): warning C4820: '_SYSTEM_POWER_POLICY' : '3' bytes padding added after data member '_SYSTEM_POWER_POLICY::VideoDimDisplay'
c:\program files (x86)\microsoft sdks\windows\v7.0a\include\winnt.h(12047): warning C4820: '_IMAGE_IMPORT_BY_NAME' : '1' bytes padding added after data member '_IMAGE_IMPORT_BY_NAME::Name'
c:\program files (x86)\microsoft sdks\windows\v7.0a\include\winnt.h(12237): warning C4820: '_IMAGE_RESOURCE_DIRECTORY_STRING' : '1' bytes padding added after data member '_IMAGE_RESOURCE_DIRECTORY_STRING::NameString'
c:\program files (x86)\microsoft sdks\windows\v7.0a\include\winnt.h(12450): warning C4820: '_IMAGE_DEBUG_MISC' : '3' bytes padding added after data member '_IMAGE_DEBUG_MISC::Data'
c:\program files (x86)\microsoft sdks\windows\v7.0a\include\winnt.h(13017): warning C4668: '_DBG_MEMCPY_INLINE_' is not defined as a preprocessor macro, replacing with '0' for '#if/#elif'
c:\program files (x86)\microsoft sdks\windows\v7.0a\include\winnt.h(13113): warning C4820: '_MESSAGE_RESOURCE_ENTRY' : '1' bytes padding added after data member '_MESSAGE_RESOURCE_ENTRY::Text'
c:\program files (x86)\microsoft sdks\windows\v7.0a\include\winnt.h(13569): warning C4820: '_ACTIVATION_CONTEXT_ASSEMBLY_DETAILED_INFORMATION' : '4' bytes padding added after data member '_ACTIVATION_CONTEXT_ASSEMBLY_DETAILED_INFORMATION::ulFileCount'
c:\program files (x86)\microsoft sdks\windows\v7.0a\include\winnt.h(14043): warning C4820: '_TAPE_ERASE' : '3' bytes padding added after data member '_TAPE_ERASE::Immediate'
c:\program files (x86)\microsoft sdks\windows\v7.0a\include\winnt.h(14059): warning C4820: '_TAPE_PREPARE' : '3' bytes padding added after data member '_TAPE_PREPARE::Immediate'
c:\program files (x86)\microsoft sdks\windows\v7.0a\include\winnt.h(14074): warning C4820: '_TAPE_WRITE_MARKS' : '3' bytes padding added after data member '_TAPE_WRITE_MARKS::Immediate'
c:\program files (x86)\microsoft sdks\windows\v7.0a\include\winnt.h(14110): warning C4820: '_TAPE_SET_POSITION' : '7' bytes padding added after data member '_TAPE_SET_POSITION::Immediate'
c:\program files (x86)\microsoft sdks\windows\v7.0a\include\winnt.h(14234): warning C4820: '_TAPE_GET_MEDIA_PARAMETERS' : '7' bytes padding added after data member '_TAPE_GET_MEDIA_PARAMETERS::WriteProtected'
c:\program files (x86)\microsoft sdks\windows\v7.0a\include\ktmtypes.h(138): warning C4820: '_TRANSACTION_NOTIFICATION' : '4' bytes padding added after data member '_TRANSACTION_NOTIFICATION::ArgumentLength'
c:\program files (x86)\microsoft sdks\windows\v7.0a\include\winnt.h(14498): warning C4820: '_TRANSACTIONMANAGER_LOGPATH_INFORMATION' : '2' bytes padding added after data member '_TRANSACTIONMANAGER_LOGPATH_INFORMATION::LogPath'
c:\program files (x86)\microsoft sdks\windows\v7.0a\include\winnt.h(14520): warning C4820: '_TRANSACTION_PROPERTIES_INFORMATION' : '6' bytes padding added after data member '_TRANSACTION_PROPERTIES_INFORMATION::Description'
c:\program files (x86)\microsoft sdks\windows\v7.0a\include\winnt.h(14547): warning C4820: '_RESOURCEMANAGER_BASIC_INFORMATION' : '2' bytes padding added after data member '_RESOURCEMANAGER_BASIC_INFORMATION::Description'
c:\program files (x86)\microsoft sdks\windows\v7.0a\include\winbase.h(682): warning C4820: '_COMMPROP' : '2' bytes padding added after data member '_COMMPROP::wcProvChar'
c:\program files (x86)\microsoft sdks\windows\v7.0a\include\winbase.h(768): warning C4820: '_COMMCONFIG' : '2' bytes padding added after data member '_COMMCONFIG::wcProviderData'
c:\program files (x86)\microsoft sdks\windows\v7.0a\include\winbase.h(977): warning C4820: '_CREATE_PROCESS_DEBUG_INFO' : '2' bytes padding added after data member '_CREATE_PROCESS_DEBUG_INFO::fUnicode'
c:\program files (x86)\microsoft sdks\windows\v7.0a\include\winbase.h(994): warning C4820: '_LOAD_DLL_DEBUG_INFO' : '2' bytes padding added after data member '_LOAD_DLL_DEBUG_INFO::fUnicode'
c:\program files (x86)\microsoft sdks\windows\v7.0a\include\winbase.h(5526): warning C4820: '_TIME_DYNAMIC_ZONE_INFORMATION' : '3' bytes padding added after data member '_TIME_DYNAMIC_ZONE_INFORMATION::DynamicDaylightTimeDisabled'
c:\program files (x86)\microsoft sdks\windows\v7.0a\include\winbase.h(6459): warning C4820: '_WIN32_STREAM_ID' : '2' bytes padding added after data member '_WIN32_STREAM_ID::cStreamName'
c:\program files (x86)\microsoft sdks\windows\v7.0a\include\winbase.h(6618): warning C4820: '_WIN32_FIND_DATAA' : '2' bytes padding added after data member '_WIN32_FIND_DATAA::cAlternateFileName'
c:\program files (x86)\microsoft sdks\windows\v7.0a\include\winbase.h(13588): warning C4820: 'tagHW_PROFILE_INFOA' : '1' bytes padding added after data member 'tagHW_PROFILE_INFOA::szHwProfileName'
c:\program files (x86)\microsoft sdks\windows\v7.0a\include\winbase.h(13593): warning C4820: 'tagHW_PROFILE_INFOW' : '2' bytes padding added after data member 'tagHW_PROFILE_INFOW::szHwProfileName'
c:\program files (x86)\microsoft sdks\windows\v7.0a\include\winbase.h(14754): warning C4820: '_FILE_BASIC_INFO' : '4' bytes padding added after data member '_FILE_BASIC_INFO::FileAttributes'
c:\program files (x86)\microsoft sdks\windows\v7.0a\include\winbase.h(14762): warning C4820: '_FILE_STANDARD_INFO' : '2' bytes padding added after data member '_FILE_STANDARD_INFO::Directory'
c:\program files (x86)\microsoft sdks\windows\v7.0a\include\winbase.h(14767): warning C4820: '_FILE_NAME_INFO' : '2' bytes padding added after data member '_FILE_NAME_INFO::FileName'
c:\program files (x86)\microsoft sdks\windows\v7.0a\include\winbase.h(14771): warning C4820: '_FILE_RENAME_INFO' : '3' bytes padding added after data member '_FILE_RENAME_INFO::ReplaceIfExists'
c:\program files (x86)\microsoft sdks\windows\v7.0a\include\winbase.h(14774): warning C4820: '_FILE_RENAME_INFO' : '2' bytes padding added after data member '_FILE_RENAME_INFO::FileName'
c:\program files (x86)\microsoft sdks\windows\v7.0a\include\winbase.h(14790): warning C4820: '_FILE_STREAM_INFO' : '6' bytes padding added after data member '_FILE_STREAM_INFO::StreamName'
c:\program files (x86)\microsoft sdks\windows\v7.0a\include\winbase.h(14823): warning C4820: '_FILE_ID_BOTH_DIR_INFO' : '1' bytes padding added after data member '_FILE_ID_BOTH_DIR_INFO::ShortNameLength'
c:\program files (x86)\microsoft sdks\windows\v7.0a\include\winbase.h(14824): warning C4820: '_FILE_ID_BOTH_DIR_INFO' : '2' bytes padding added after data member '_FILE_ID_BOTH_DIR_INFO::ShortName'
c:\program files (x86)\microsoft sdks\windows\v7.0a\include\winbase.h(14826): warning C4820: '_FILE_ID_BOTH_DIR_INFO' : '6' bytes padding added after data member '_FILE_ID_BOTH_DIR_INFO::FileName'
c:\program files (x86)\microsoft sdks\windows\v7.0a\include\wingdi.h(806): warning C4820: 'tagBITMAPCOREINFO' : '1' bytes padding added after data member 'tagBITMAPCOREINFO::bmciColors'
c:\program files (x86)\microsoft sdks\windows\v7.0a\include\wingdi.h(981): warning C4820: 'tagTEXTMETRICA' : '3' bytes padding added after data member 'tagTEXTMETRICA::tmCharSet'
c:\program files (x86)\microsoft sdks\windows\v7.0a\include\wingdi.h(1004): warning C4820: 'tagTEXTMETRICW' : '3' bytes padding added after data member 'tagTEXTMETRICW::tmCharSet'
c:\program files (x86)\microsoft sdks\windows\v7.0a\include\wingdi.h(1056): warning C4820: 'tagNEWTEXTMETRICA' : '3' bytes padding added after data member 'tagNEWTEXTMETRICA::tmCharSet'
c:\program files (x86)\microsoft sdks\windows\v7.0a\include\wingdi.h(1083): warning C4820: 'tagNEWTEXTMETRICW' : '3' bytes padding added after data member 'tagNEWTEXTMETRICW::tmCharSet'
c:\program files (x86)\microsoft sdks\windows\v7.0a\include\wingdi.h(1130): warning C4820: 'tagPELARRAY' : '3' bytes padding added after data member 'tagPELARRAY::paRGBs'
c:\program files (x86)\microsoft sdks\windows\v7.0a\include\wingdi.h(1562): warning C4820: 'tagEXTLOGFONTA' : '2' bytes padding added after data member 'tagEXTLOGFONTA::elfPanose'
c:\program files (x86)\microsoft sdks\windows\v7.0a\include\wingdi.h(1574): warning C4820: 'tagEXTLOGFONTW' : '2' bytes padding added after data member 'tagEXTLOGFONTW::elfPanose'
c:\program files (x86)\microsoft sdks\windows\v7.0a\include\wingdi.h(2747): warning C4820: 'DISPLAYCONFIG_TARGET_PREFERRED_MODE' : '4' bytes padding added after data member 'DISPLAYCONFIG_TARGET_PREFERRED_MODE::height'
c:\program files (x86)\microsoft sdks\windows\v7.0a\include\wingdi.h(2817): warning C4820: '_RGNDATA' : '3' bytes padding added after data member '_RGNDATA::Buffer'
c:\program files (x86)\microsoft sdks\windows\v7.0a\include\wingdi.h(2846): warning C4820: '_OUTLINETEXTMETRICA' : '1' bytes padding added after data member '_OUTLINETEXTMETRICA::otmPanoseNumber'
c:\program files (x86)\microsoft sdks\windows\v7.0a\include\wingdi.h(2880): warning C4820: '_OUTLINETEXTMETRICW' : '1' bytes padding added after data member '_OUTLINETEXTMETRICW::otmPanoseNumber'
c:\program files (x86)\microsoft sdks\windows\v7.0a\include\wingdi.h(4979): warning C4820: 'tagEMRGDICOMMENT' : '3' bytes padding added after data member 'tagEMRGDICOMMENT::Data'
c:\program files (x86)\microsoft sdks\windows\v7.0a\include\wingdi.h(5138): warning C4820: 'tagEMRPOLYDRAW' : '3' bytes padding added after data member 'tagEMRPOLYDRAW::abTypes'
c:\program files (x86)\microsoft sdks\windows\v7.0a\include\wingdi.h(5147): warning C4820: 'tagEMRPOLYDRAW16' : '3' bytes padding added after data member 'tagEMRPOLYDRAW16::abTypes'
c:\program files (x86)\microsoft sdks\windows\v7.0a\include\wingdi.h(5177): warning C4820: 'tagEMRINVERTRGN' : '3' bytes padding added after data member 'tagEMRINVERTRGN::RgnData'
c:\program files (x86)\microsoft sdks\windows\v7.0a\include\wingdi.h(5187): warning C4820: 'tagEMRFILLRGN' : '3' bytes padding added after data member 'tagEMRFILLRGN::RgnData'
c:\program files (x86)\microsoft sdks\windows\v7.0a\include\wingdi.h(5197): warning C4820: 'tagEMRFRAMERGN' : '3' bytes padding added after data member 'tagEMRFRAMERGN::RgnData'
c:\program files (x86)\microsoft sdks\windows\v7.0a\include\wingdi.h(5205): warning C4820: 'tagEMREXTSELECTCLIPRGN' : '3' bytes padding added after data member 'tagEMREXTSELECTCLIPRGN::RgnData'
c:\program files (x86)\microsoft sdks\windows\v7.0a\include\wingdi.h(5452): warning C4820: 'tagEMRGLSRECORD' : '3' bytes padding added after data member 'tagEMRGLSRECORD::Data'
c:\program files (x86)\microsoft sdks\windows\v7.0a\include\wingdi.h(5460): warning C4820: 'tagEMRGLSBOUNDEDRECORD' : '3' bytes padding added after data member 'tagEMRGLSBOUNDEDRECORD::Data'
c:\program files (x86)\microsoft sdks\windows\v7.0a\include\wingdi.h(5493): warning C4820: 'tagEMREXTESCAPE' : '3' bytes padding added after data member 'tagEMREXTESCAPE::EscData'
c:\program files (x86)\microsoft sdks\windows\v7.0a\include\wingdi.h(5503): warning C4820: 'tagEMRNAMEDESCAPE' : '3' bytes padding added after data member 'tagEMRNAMEDESCAPE::EscData'
c:\program files (x86)\microsoft sdks\windows\v7.0a\include\wingdi.h(5514): warning C4820: 'tagEMRSETICMPROFILE' : '3' bytes padding added after data member 'tagEMRSETICMPROFILE::Data'
c:\program files (x86)\microsoft sdks\windows\v7.0a\include\wingdi.h(5528): warning C4820: 'tagEMRCREATECOLORSPACEW' : '3' bytes padding added after data member 'tagEMRCREATECOLORSPACEW::Data'
c:\program files (x86)\microsoft sdks\windows\v7.0a\include\wingdi.h(5540): warning C4820: 'tagCOLORMATCHTOTARGET' : '3' bytes padding added after data member 'tagCOLORMATCHTOTARGET::Data'
c:\program files (x86)\microsoft sdks\windows\v7.0a\include\winuser.h(2084): warning C4820: '<unnamed-tag>' : '3' bytes padding added after data member '<unnamed-tag>::Data'
c:\program files (x86)\microsoft sdks\windows\v7.0a\include\winuser.h(2798): warning C4820: 'tagACCEL' : '1' bytes padding added after data member 'tagACCEL::fVirt'
c:\program files (x86)\microsoft sdks\windows\v7.0a\include\winuser.h(8982): warning C4820: 'tagCURSORSHAPE' : '2' bytes padding added after data member 'tagCURSORSHAPE::BitsPixel'
c:\program files (x86)\microsoft sdks\windows\v7.0a\include\winuser.h(9093): warning C4820: '_ICONINFOEXA' : '2' bytes padding added after data member '_ICONINFOEXA::szResName'
c:\program files (x86)\microsoft sdks\windows\v7.0a\include\winuser.h(9104): warning C4820: '_ICONINFOEXW' : '2' bytes padding added after data member '_ICONINFOEXW::szResName'
c:\program files (x86)\microsoft sdks\windows\v7.0a\include\winuser.h(9770): warning C4668: '_WIN32_WCE' is not defined as a preprocessor macro, replacing with '0' for '#if/#elif'
c:\program files (x86)\microsoft sdks\windows\v7.0a\include\winuser.h(9877): warning C4668: '_WIN32_WCE' is not defined as a preprocessor macro, replacing with '0' for '#if/#elif'
c:\program files (x86)\microsoft sdks\windows\v7.0a\include\winuser.h(10015): warning C4668: '_WIN32_WCE' is not defined as a preprocessor macro, replacing with '0' for '#if/#elif'
c:\program files (x86)\microsoft sdks\windows\v7.0a\include\winuser.h(10316): warning C4820: 'tagMULTIKEYHELPA' : '2' bytes padding added after data member 'tagMULTIKEYHELPA::szKeyphrase'
c:\program files (x86)\microsoft sdks\windows\v7.0a\include\winuser.h(10344): warning C4820: 'tagHELPWININFOA' : '2' bytes padding added after data member 'tagHELPWININFOA::rgchMember'
c:\program files (x86)\microsoft sdks\windows\v7.0a\include\winuser.h(12506): warning C4820: 'tagRAWMOUSE' : '2' bytes padding added after data member 'tagRAWMOUSE::usFlags'
c:\program files (x86)\microsoft sdks\windows\v7.0a\include\winuser.h(12627): warning C4820: 'tagRAWHID' : '3' bytes padding added after data member 'tagRAWHID::bRawData'
c:\program files (x86)\microsoft sdks\windows\v7.0a\include\winuser.h(12927): warning C4820: 'tagGESTUREINFO' : '4' bytes padding added after data member 'tagGESTUREINFO::dwSequenceID'
c:\program files (x86)\microsoft sdks\windows\v7.0a\include\winuser.h(12929): warning C4820: 'tagGESTUREINFO' : '4' bytes padding added after data member 'tagGESTUREINFO::cbExtraArgs'
c:\program files (x86)\microsoft sdks\windows\v7.0a\include\winnls.h(938): warning C4820: '_cpinfo' : '2' bytes padding added after data member '_cpinfo::LeadByte'
c:\program files (x86)\microsoft sdks\windows\v7.0a\include\wincon.h(128): warning C4820: '_INPUT_RECORD' : '2' bytes padding added after data member '_INPUT_RECORD::EventType'
c:\program files (x86)\microsoft sdks\windows\v7.0a\include\winnetwk.h(662): warning C4820: '_NETINFOSTRUCT' : '2' bytes padding added after data member '_NETINFOSTRUCT::wNetType'
c:\program files (x86)\microsoft sdks\windows\v7.0a\include\dde.h(102): warning C4820: '<unnamed-tag>' : '1' bytes padding added after data member '<unnamed-tag>::Value'
c:\program files (x86)\microsoft sdks\windows\v7.0a\include\dde.h(127): warning C4820: '<unnamed-tag>' : '1' bytes padding added after data member '<unnamed-tag>::Value'
c:\program files (x86)\microsoft sdks\windows\v7.0a\include\dde.h(163): warning C4820: '<unnamed-tag>' : '1' bytes padding added after data member '<unnamed-tag>::rgb'
c:\program files (x86)\microsoft sdks\windows\v7.0a\include\ddeml.h(574): warning C4820: 'tagMONHSZSTRUCTA' : '3' bytes padding added after data member 'tagMONHSZSTRUCTA::str'
c:\program files (x86)\microsoft sdks\windows\v7.0a\include\ddeml.h(582): warning C4820: 'tagMONHSZSTRUCTW' : '2' bytes padding added after data member 'tagMONHSZSTRUCTW::str'
c:\program files (x86)\microsoft sdks\windows\v7.0a\include\rpcdce.h(1358): warning C4668: 'WINXP' is not defined as a preprocessor macro, replacing with '0' for '#if/#elif'
c:\program files (x86)\microsoft sdks\windows\v7.0a\include\rpcdce.h(1624): warning C4668: 'WINXP' is not defined as a preprocessor macro, replacing with '0' for '#if/#elif'
c:\program files (x86)\microsoft sdks\windows\v7.0a\include\rpcdce.h(2190): warning C4820: '<unnamed-tag>' : '2' bytes padding added after data member '<unnamed-tag>::Privilege'
c:\program files (x86)\microsoft sdks\windows\v7.0a\include\rpcdcep.h(418): warning C4668: 'WINXP' is not defined as a preprocessor macro, replacing with '0' for '#if/#elif'
c:\program files (x86)\microsoft sdks\windows\v7.0a\include\rpcdcep.h(705): warning C4668: 'WINXP' is not defined as a preprocessor macro, replacing with '0' for '#if/#elif'
c:\program files (x86)\microsoft sdks\windows\v7.0a\include\rpcdcep.h(891): warning C4820: '_RDR_CALLOUT_STATE' : '1' bytes padding added after data member '_RDR_CALLOUT_STATE::InterfacePresent'
c:\program files (x86)\microsoft sdks\windows\v7.0a\include\rpcasync.h(241): warning C4820: 'tagBinaryParam' : '2' bytes padding added after data member 'tagBinaryParam::Size'
c:\program files (x86)\microsoft sdks\windows\v7.0a\include\rpcasync.h(254): warning C4820: 'tagRPC_EE_INFO_PARAM' : '4' bytes padding added after data member 'tagRPC_EE_INFO_PARAM::ParameterType'
c:\program files (x86)\microsoft sdks\windows\v7.0a\include\rpcasync.h(285): warning C4820: 'tagRPC_EXTENDED_ERROR_INFO' : '4' bytes padding added after data member 'tagRPC_EXTENDED_ERROR_INFO::NumberOfParameters'
c:\program files (x86)\microsoft sdks\windows\v7.0a\include\rpcasync.h(512): warning C4820: 'tagRPC_CALL_ATTRIBUTES_V2_W' : '2' bytes padding added after data member 'tagRPC_CALL_ATTRIBUTES_V2_W::OpNum'
c:\program files (x86)\microsoft sdks\windows\v7.0a\include\rpcasync.h(534): warning C4820: 'tagRPC_CALL_ATTRIBUTES_V2_A' : '2' bytes padding added after data member 'tagRPC_CALL_ATTRIBUTES_V2_A::OpNum'
c:\program files (x86)\microsoft sdks\windows\v7.0a\include\rpcasync.h(659): warning C4668: 'NTDDI_WXP' is not defined as a preprocessor macro, replacing with '0' for '#if/#elif'
c:\program files (x86)\microsoft sdks\windows\v7.0a\include\shellapi.h(1133): warning C4668: 'NTDDI_XPSP2' is not defined as a preprocessor macro, replacing with '0' for '#if/#elif'
c:\program files (x86)\microsoft sdks\windows\v7.0a\include\shellapi.h(1679): warning C4820: 'tagNC_ADDRESS' : '1' bytes padding added after data member 'tagNC_ADDRESS::PrefixLength'
c:\program files (x86)\microsoft sdks\windows\v7.0a\include\winperf.h(76): warning C4820: '_PERF_DATA_BLOCK' : '4' bytes padding added after data member '_PERF_DATA_BLOCK::SystemTime'
c:\program files (x86)\microsoft sdks\windows\v7.0a\include\winperf.h(653): warning C4668: '_WIN32_WINDOWS' is not defined as a preprocessor macro, replacing with '0' for '#if/#elif'
c:\program files (x86)\microsoft sdks\windows\v7.0a\include\winsock.h(184): warning C4820: 'netent' : '2' bytes padding added after data member 'netent::n_addrtype'
c:\program files (x86)\microsoft sdks\windows\v7.0a\include\winsock.h(195): warning C4820: 'servent' : '2' bytes padding added after data member 'servent::s_port'
c:\program files (x86)\microsoft sdks\windows\v7.0a\include\winsock.h(203): warning C4820: 'protoent' : '2' bytes padding added after data member 'protoent::p_proto'
c:\program files (x86)\microsoft sdks\windows\v7.0a\include\winsock.h(336): warning C4820: 'WSAData' : '2' bytes padding added after data member 'WSAData::iMaxUdpDg'
c:\program files (x86)\microsoft sdks\windows\v7.0a\include\wincrypt.h(74): warning C4668: 'NTDDI_WINLH' is not defined as a preprocessor macro, replacing with '0' for '#if/#elif'
c:\program files (x86)\microsoft sdks\windows\v7.0a\include\wincrypt.h(146): warning C4668: 'NTDDI_WINLH' is not defined as a preprocessor macro, replacing with '0' for '#if/#elif'
c:\program files (x86)\microsoft sdks\windows\v7.0a\include\wincrypt.h(192): warning C4668: 'NTDDI_WINLH' is not defined as a preprocessor macro, replacing with '0' for '#if/#elif'
c:\program files (x86)\microsoft sdks\windows\v7.0a\include\wincrypt.h(226): warning C4668: 'NTDDI_WINLH' is not defined as a preprocessor macro, replacing with '0' for '#if/#elif'
c:\program files (x86)\microsoft sdks\windows\v7.0a\include\wincrypt.h(292): warning C4668: 'NTDDI_WINLH' is not defined as a preprocessor macro, replacing with '0' for '#if/#elif'
c:\program files (x86)\microsoft sdks\windows\v7.0a\include\wincrypt.h(329): warning C4668: 'NTDDI_WINLH' is not defined as a preprocessor macro, replacing with '0' for '#if/#elif'
c:\program files (x86)\microsoft sdks\windows\v7.0a\include\wincrypt.h(352): warning C4668: 'NTDDI_WINLH' is not defined as a preprocessor macro, replacing with '0' for '#if/#elif'
c:\program files (x86)\microsoft sdks\windows\v7.0a\include\wincrypt.h(549): warning C4668: 'NTDDI_WINLH' is not defined as a preprocessor macro, replacing with '0' for '#if/#elif'
c:\program files (x86)\microsoft sdks\windows\v7.0a\include\wincrypt.h(593): warning C4668: 'NTDDI_WINLH' is not defined as a preprocessor macro, replacing with '0' for '#if/#elif'
c:\program files (x86)\microsoft sdks\windows\v7.0a\include\wincrypt.h(959): warning C4668: 'NTDDI_WINLH' is not defined as a preprocessor macro, replacing with '0' for '#if/#elif'
c:\program files (x86)\microsoft sdks\windows\v7.0a\include\wincrypt.h(1012): warning C4668: 'NTDDI_WINLH' is not defined as a preprocessor macro, replacing with '0' for '#if/#elif'
c:\program files (x86)\microsoft sdks\windows\v7.0a\include\wincrypt.h(1040): warning C4668: 'NTDDI_WINLH' is not defined as a preprocessor macro, replacing with '0' for '#if/#elif'
c:\program files (x86)\microsoft sdks\windows\v7.0a\include\wincrypt.h(1086): warning C4668: 'NTDDI_WINLH' is not defined as a preprocessor macro, replacing with '0' for '#if/#elif'
c:\program files (x86)\microsoft sdks\windows\v7.0a\include\wincrypt.h(1352): warning C4668: 'NTDDI_WINLH' is not defined as a preprocessor macro, replacing with '0' for '#if/#elif'
c:\program files (x86)\microsoft sdks\windows\v7.0a\include\wincrypt.h(1382): warning C4668: 'NTDDI_WINLH' is not defined as a preprocessor macro, replacing with '0' for '#if/#elif'
c:\program files (x86)\microsoft sdks\windows\v7.0a\include\wincrypt.h(1432): warning C4668: 'NTDDI_WINLH' is not defined as a preprocessor macro, replacing with '0' for '#if/#elif'
c:\program files (x86)\microsoft sdks\windows\v7.0a\include\wincrypt.h(1440): warning C4668: 'NTDDI_WINLH' is not defined as a preprocessor macro, replacing with '0' for '#if/#elif'
c:\program files (x86)\microsoft sdks\windows\v7.0a\include\wincrypt.h(1470): warning C4668: 'NTDDI_WINLH' is not defined as a preprocessor macro, replacing with '0' for '#if/#elif'
c:\program files (x86)\microsoft sdks\windows\v7.0a\include\wincrypt.h(1520): warning C4668: 'NTDDI_WINLH' is not defined as a preprocessor macro, replacing with '0' for '#if/#elif'
c:\program files (x86)\microsoft sdks\windows\v7.0a\include\wincrypt.h(1528): warning C4668: 'NTDDI_WINLH' is not defined as a preprocessor macro, replacing with '0' for '#if/#elif'
c:\program files (x86)\microsoft sdks\windows\v7.0a\include\wincrypt.h(1550): warning C4668: 'NTDDI_WINLH' is not defined as a preprocessor macro, replacing with '0' for '#if/#elif'
c:\program files (x86)\microsoft sdks\windows\v7.0a\include\wincrypt.h(1572): warning C4668: 'NTDDI_WINLH' is not defined as a preprocessor macro, replacing with '0' for '#if/#elif'
c:\program files (x86)\microsoft sdks\windows\v7.0a\include\wincrypt.h(1598): warning C4668: 'NTDDI_WINLH' is not defined as a preprocessor macro, replacing with '0' for '#if/#elif'
c:\program files (x86)\microsoft sdks\windows\v7.0a\include\wincrypt.h(1624): warning C4668: 'NTDDI_WINLH' is not defined as a preprocessor macro, replacing with '0' for '#if/#elif'
c:\program files (x86)\microsoft sdks\windows\v7.0a\include\wincrypt.h(1652): warning C4668: 'NTDDI_WINLH' is not defined as a preprocessor macro, replacing with '0' for '#if/#elif'
c:\program files (x86)\microsoft sdks\windows\v7.0a\include\wincrypt.h(1680): warning C4668: 'NTDDI_WINLH' is not defined as a preprocessor macro, replacing with '0' for '#if/#elif'
c:\program files (x86)\microsoft sdks\windows\v7.0a\include\wincrypt.h(1710): warning C4668: 'NTDDI_WINLH' is not defined as a preprocessor macro, replacing with '0' for '#if/#elif'
c:\program files (x86)\microsoft sdks\windows\v7.0a\include\wincrypt.h(1760): warning C4668: 'NTDDI_WINLH' is not defined as a preprocessor macro, replacing with '0' for '#if/#elif'
c:\program files (x86)\microsoft sdks\windows\v7.0a\include\wincrypt.h(1768): warning C4668: 'NTDDI_WINLH' is not defined as a preprocessor macro, replacing with '0' for '#if/#elif'
c:\program files (x86)\microsoft sdks\windows\v7.0a\include\wincrypt.h(1798): warning C4668: 'NTDDI_WINLH' is not defined as a preprocessor macro, replacing with '0' for '#if/#elif'
c:\program files (x86)\microsoft sdks\windows\v7.0a\include\wincrypt.h(1848): warning C4668: 'NTDDI_WINLH' is not defined as a preprocessor macro, replacing with '0' for '#if/#elif'
c:\program files (x86)\microsoft sdks\windows\v7.0a\include\bcrypt.h(167): warning C4820: '_BCRYPT_AUTHENTICATED_CIPHER_MODE_INFO' : '4' bytes padding added after data member '_BCRYPT_AUTHENTICATED_CIPHER_MODE_INFO::cbAAD'
c:\program files (x86)\microsoft sdks\windows\v7.0a\include\bcrypt.h(169): warning C4820: '_BCRYPT_AUTHENTICATED_CIPHER_MODE_INFO' : '4' bytes padding added after data member '_BCRYPT_AUTHENTICATED_CIPHER_MODE_INFO::dwFlags'
c:\program files (x86)\microsoft sdks\windows\v7.0a\include\wincrypt.h(13731): warning C4668: 'NTDDI_WINLH' is not defined as a preprocessor macro, replacing with '0' for '#if/#elif'
c:\program files (x86)\microsoft sdks\windows\v7.0a\include\wincrypt.h(14276): warning C4668: 'NTDDI_WINLH' is not defined as a preprocessor macro, replacing with '0' for '#if/#elif'
c:\program files (x86)\microsoft sdks\windows\v7.0a\include\wincrypt.h(17173): warning C4668: 'NTDDI_WINLH' is not defined as a preprocessor macro, replacing with '0' for '#if/#elif'
c:\program files (x86)\microsoft sdks\windows\v7.0a\include\wincrypt.h(19216): warning C4668: 'NTDDI_WINLH' is not defined as a preprocessor macro, replacing with '0' for '#if/#elif'
c:\program files (x86)\microsoft sdks\windows\v7.0a\include\wtypes.h(84): warning C4820: 'tagRemHGLOBAL' : '3' bytes padding added after data member 'tagRemHGLOBAL::data'
c:\program files (x86)\microsoft sdks\windows\v7.0a\include\wtypes.h(93): warning C4820: 'tagRemHMETAFILEPICT' : '3' bytes padding added after data member 'tagRemHMETAFILEPICT::data'
c:\program files (x86)\microsoft sdks\windows\v7.0a\include\wtypes.h(99): warning C4820: 'tagRemHENHMETAFILE' : '3' bytes padding added after data member 'tagRemHENHMETAFILE::data'
c:\program files (x86)\microsoft sdks\windows\v7.0a\include\wtypes.h(105): warning C4820: 'tagRemHBITMAP' : '3' bytes padding added after data member 'tagRemHBITMAP::data'
c:\program files (x86)\microsoft sdks\windows\v7.0a\include\wtypes.h(111): warning C4820: 'tagRemHPALETTE' : '3' bytes padding added after data member 'tagRemHPALETTE::data'
c:\program files (x86)\microsoft sdks\windows\v7.0a\include\wtypes.h(117): warning C4820: 'tagRemBRUSH' : '3' bytes padding added after data member 'tagRemBRUSH::data'
c:\program files (x86)\microsoft sdks\windows\v7.0a\include\wtypes.h(704): warning C4820: '_BYTE_BLOB' : '3' bytes padding added after data member '_BYTE_BLOB::abData'
c:\program files (x86)\microsoft sdks\windows\v7.0a\include\wtypes.h(712): warning C4820: '_WORD_BLOB' : '2' bytes padding added after data member '_WORD_BLOB::asData'
c:\program files (x86)\microsoft sdks\windows\v7.0a\include\wtypes.h(729): warning C4820: '_FLAGGED_BYTE_BLOB' : '3' bytes padding added after data member '_FLAGGED_BYTE_BLOB::abData'
c:\program files (x86)\microsoft sdks\windows\v7.0a\include\wtypes.h(738): warning C4820: '_FLAGGED_WORD_BLOB' : '2' bytes padding added after data member '_FLAGGED_WORD_BLOB::asData'
c:\program files (x86)\microsoft sdks\windows\v7.0a\include\wtypes.h(804): warning C4820: '_userHGLOBAL' : '4' bytes padding added after data member '_userHGLOBAL::fContext'
c:\program files (x86)\microsoft sdks\windows\v7.0a\include\wtypes.h(817): warning C4820: '_userHMETAFILE' : '4' bytes padding added after data member '_userHMETAFILE::fContext'
c:\program files (x86)\microsoft sdks\windows\v7.0a\include\wtypes.h(836): warning C4820: '_userHMETAFILEPICT' : '4' bytes padding added after data member '_userHMETAFILEPICT::fContext'
c:\program files (x86)\microsoft sdks\windows\v7.0a\include\wtypes.h(847): warning C4820: '_userHENHMETAFILE' : '4' bytes padding added after data member '_userHENHMETAFILE::fContext'
c:\program files (x86)\microsoft sdks\windows\v7.0a\include\wtypes.h(860): warning C4820: '_userBITMAP' : '3' bytes padding added after data member '_userBITMAP::pBuffer'
c:\program files (x86)\microsoft sdks\windows\v7.0a\include\wtypes.h(870): warning C4820: '_userHBITMAP' : '4' bytes padding added after data member '_userHBITMAP::fContext'
c:\program files (x86)\microsoft sdks\windows\v7.0a\include\wtypes.h(881): warning C4820: '_userHPALETTE' : '4' bytes padding added after data member '_userHPALETTE::fContext'
c:\program files (x86)\microsoft sdks\windows\v7.0a\include\winioctl.h(419): warning C4820: '_TAPE_STATISTICS' : '6' bytes padding added after data member '_TAPE_STATISTICS::CompressionRatioWrites'
c:\program files (x86)\microsoft sdks\windows\v7.0a\include\winioctl.h(613): warning C4820: '_DEVICE_MEDIA_INFO::<unnamed-tag>' : '2' bytes padding added after data member '_DEVICE_MEDIA_INFO::<unnamed-tag>::BusSpecificData'
c:\program files (x86)\microsoft sdks\windows\v7.0a\include\winioctl.h(717): warning C4820: '_STORAGE_PROPERTY_QUERY' : '3' bytes padding added after data member '_STORAGE_PROPERTY_QUERY::AdditionalParameters'
c:\program files (x86)\microsoft sdks\windows\v7.0a\include\winioctl.h(832): warning C4820: '_STORAGE_DEVICE_DESCRIPTOR' : '3' bytes padding added after data member '_STORAGE_DEVICE_DESCRIPTOR::RawDeviceProperties'
c:\program files (x86)\microsoft sdks\windows\v7.0a\include\winioctl.h(869): warning C4820: '_STORAGE_ADAPTER_DESCRIPTOR' : '1' bytes padding added after data member '_STORAGE_ADAPTER_DESCRIPTOR::BusType'
c:\program files (x86)\microsoft sdks\windows\v7.0a\include\winioctl.h(873): warning C4820: '_STORAGE_ADAPTER_DESCRIPTOR' : '2' bytes padding added after data member '_STORAGE_ADAPTER_DESCRIPTOR::BusMinorVersion'
c:\program files (x86)\microsoft sdks\windows\v7.0a\include\winioctl.h(943): warning C4820: '_STORAGE_MINIPORT_DESCRIPTOR' : '2' bytes padding added after data member '_STORAGE_MINIPORT_DESCRIPTOR::TargetResetSupported'
c:\program files (x86)\microsoft sdks\windows\v7.0a\include\winioctl.h(1004): warning C4820: '_STORAGE_IDENTIFIER' : '3' bytes padding added after data member '_STORAGE_IDENTIFIER::Identifier'
c:\program files (x86)\microsoft sdks\windows\v7.0a\include\winioctl.h(1025): warning C4820: '_STORAGE_DEVICE_ID_DESCRIPTOR' : '3' bytes padding added after data member '_STORAGE_DEVICE_ID_DESCRIPTOR::Identifiers'
c:\program files (x86)\microsoft sdks\windows\v7.0a\include\winioctl.h(1033): warning C4820: '_DEVICE_SEEK_PENALTY_DESCRIPTOR' : '3' bytes padding added after data member '_DEVICE_SEEK_PENALTY_DESCRIPTOR::IncursSeekPenalty'
c:\program files (x86)\microsoft sdks\windows\v7.0a\include\winioctl.h(1041): warning C4820: '_DEVICE_WRITE_AGGREGATION_DESCRIPTOR' : '3' bytes padding added after data member '_DEVICE_WRITE_AGGREGATION_DESCRIPTOR::BenefitsFromWriteAggregation'
c:\program files (x86)\microsoft sdks\windows\v7.0a\include\winioctl.h(1049): warning C4820: '_DEVICE_TRIM_DESCRIPTOR' : '3' bytes padding added after data member '_DEVICE_TRIM_DESCRIPTOR::TrimEnabled'
c:\program files (x86)\microsoft sdks\windows\v7.0a\include\winioctl.h(1287): warning C4820: '_STORAGE_ALLOCATE_BC_STREAM_OUTPUT' : '4' bytes padding added after data member '_STORAGE_ALLOCATE_BC_STREAM_OUTPUT::NumOutStandingRequests'
c:\program files (x86)\microsoft sdks\windows\v7.0a\include\winioctl.h(1369): warning C4820: '_STORAGE_READ_CAPACITY' : '4' bytes padding added after data member '_STORAGE_READ_CAPACITY::BlockLength'
c:\program files (x86)\microsoft sdks\windows\v7.0a\include\winioctl.h(1462): warning C4820: '_STORAGE_WRITE_CACHE_PROPERTY' : '1' bytes padding added after data member '_STORAGE_WRITE_CACHE_PROPERTY::NVCacheEnabled'
c:\program files (x86)\microsoft sdks\windows\v7.0a\include\winioctl.h(1492): warning C4820: '_PERSISTENT_RESERVE_COMMAND::<unnamed-tag>' : '1' bytes padding added after data member '_PERSISTENT_RESERVE_COMMAND::<unnamed-tag>::Reserved1'
c:\program files (x86)\microsoft sdks\windows\v7.0a\include\winioctl.h(1619): warning C4668: 'NTDDI_WIN2003' is not defined as a preprocessor macro, replacing with '0' for '#if/#elif'
c:\program files (x86)\microsoft sdks\windows\v7.0a\include\winioctl.h(1719): warning C4668: 'NTDDK_VERSION' is not defined as a preprocessor macro, replacing with '0' for '#if/#elif'
c:\program files (x86)\microsoft sdks\windows\v7.0a\include\winioctl.h(1868): warning C4820: '_FORMAT_EX_PARAMETERS' : '2' bytes padding added after data member '_FORMAT_EX_PARAMETERS::SectorNumber'
c:\program files (x86)\microsoft sdks\windows\v7.0a\include\winioctl.h(1908): warning C4820: '_PARTITION_INFORMATION' : '4' bytes padding added after data member '_PARTITION_INFORMATION::RewritePartition'
c:\program files (x86)\microsoft sdks\windows\v7.0a\include\winioctl.h(1939): warning C4820: '_VERIFY_INFORMATION' : '4' bytes padding added after data member '_VERIFY_INFORMATION::Length'
c:\program files (x86)\microsoft sdks\windows\v7.0a\include\winioctl.h(2025): warning C4820: '_PARTITION_INFORMATION_MBR' : '1' bytes padding added after data member '_PARTITION_INFORMATION_MBR::RecognizedPartition'
c:\program files (x86)\microsoft sdks\windows\v7.0a\include\winioctl.h(2046): warning C4820: '_SET_PARTITION_INFORMATION_EX' : '4' bytes padding added after data member '_SET_PARTITION_INFORMATION_EX::PartitionStyle'
c:\program files (x86)\microsoft sdks\windows\v7.0a\include\winioctl.h(2097): warning C4820: '_PARTITION_INFORMATION_EX' : '4' bytes padding added after data member '_PARTITION_INFORMATION_EX::PartitionStyle'
c:\program files (x86)\microsoft sdks\windows\v7.0a\include\winioctl.h(2104): warning C4820: '_PARTITION_INFORMATION_EX' : '3' bytes padding added after data member '_PARTITION_INFORMATION_EX::RewritePartition'
c:\program files (x86)\microsoft sdks\windows\v7.0a\include\winioctl.h(2117): warning C4820: '_DRIVE_LAYOUT_INFORMATION_GPT' : '4' bytes padding added after data member '_DRIVE_LAYOUT_INFORMATION_GPT::MaxPartitionCount'
c:\program files (x86)\microsoft sdks\windows\v7.0a\include\winioctl.h(2162): warning C4820: '_DISK_INT13_INFO' : '2' bytes padding added after data member '_DISK_INT13_INFO::DriveSelect'
c:\program files (x86)\microsoft sdks\windows\v7.0a\include\winioctl.h(2166): warning C4820: '_DISK_INT13_INFO' : '2' bytes padding added after data member '_DISK_INT13_INFO::NumberDrives'
c:\program files (x86)\microsoft sdks\windows\v7.0a\include\winioctl.h(2177): warning C4820: '_DISK_EX_INT13_INFO' : '4' bytes padding added after data member '_DISK_EX_INT13_INFO::ExReserved'
c:\program files (x86)\microsoft sdks\windows\v7.0a\include\winioctl.h(2232): warning C4668: 'NTDDI_WIN2003' is not defined as a preprocessor macro, replacing with '0' for '#if/#elif'
c:\program files (x86)\microsoft sdks\windows\v7.0a\include\winioctl.h(2251): warning C4820: '_DISK_GEOMETRY_EX' : '7' bytes padding added after data member '_DISK_GEOMETRY_EX::Data'
c:\program files (x86)\microsoft sdks\windows\v7.0a\include\winioctl.h(2330): warning C4820: '_DISK_CACHE_INFORMATION' : '1' bytes padding added after data member '_DISK_CACHE_INFORMATION::WriteCacheEnabled'
c:\program files (x86)\microsoft sdks\windows\v7.0a\include\winioctl.h(2373): warning C4820: '_DISK_CACHE_INFORMATION' : '1' bytes padding added after data member '_DISK_CACHE_INFORMATION::PrefetchScalar'
c:\program files (x86)\microsoft sdks\windows\v7.0a\include\winioctl.h(2375): warning C4820: '_DISK_CACHE_INFORMATION' : '2' bytes padding added after data member '<alignment member>'
c:\program files (x86)\microsoft sdks\windows\v7.0a\include\winioctl.h(2385): warning C4820: '_DISK_GROW_PARTITION' : '4' bytes padding added after data member '_DISK_GROW_PARTITION::PartitionNumber'
c:\program files (x86)\microsoft sdks\windows\v7.0a\include\winioctl.h(2426): warning C4820: '_DISK_HISTOGRAM' : '4' bytes padding added after data member '_DISK_HISTOGRAM::Histogram'
c:\program files (x86)\microsoft sdks\windows\v7.0a\include\winioctl.h(2463): warning C4820: '_DISK_PERFORMANCE' : '4' bytes padding added after data member '_DISK_PERFORMANCE::StorageManagerName'
c:\program files (x86)\microsoft sdks\windows\v7.0a\include\winioctl.h(2479): warning C4820: '_DISK_RECORD' : '6' bytes padding added after data member '_DISK_RECORD::ReadRequest'
c:\program files (x86)\microsoft sdks\windows\v7.0a\include\winioctl.h(2488): warning C4820: '_DISK_LOGGING' : '3' bytes padding added after data member '_DISK_LOGGING::Function'
c:\program files (x86)\microsoft sdks\windows\v7.0a\include\winioctl.h(2559): warning C4820: '_BIN_COUNT' : '4' bytes padding added after data member '_BIN_COUNT::BinCount'
c:\program files (x86)\microsoft sdks\windows\v7.0a\include\winioctl.h(2567): warning C4820: '_BIN_RESULTS' : '4' bytes padding added after data member '_BIN_RESULTS::NumberOfBins'
c:\program files (x86)\microsoft sdks\windows\v7.0a\include\winioctl.h(3060): warning C4820: '_CHANGER_READ_ELEMENT_STATUS' : '3' bytes padding added after data member '_CHANGER_READ_ELEMENT_STATUS::VolumeTagInfo'
c:\program files (x86)\microsoft sdks\windows\v7.0a\include\winioctl.h(3260): warning C4820: '_CHANGER_INITIALIZE_ELEMENT_STATUS' : '3' bytes padding added after data member '_CHANGER_INITIALIZE_ELEMENT_STATUS::BarCodeScan'
c:\program files (x86)\microsoft sdks\windows\v7.0a\include\winioctl.h(3287): warning C4820: '_CHANGER_SET_POSITION' : '3' bytes padding added after data member '_CHANGER_SET_POSITION::Flip'
c:\program files (x86)\microsoft sdks\windows\v7.0a\include\winioctl.h(3326): warning C4820: '_CHANGER_EXCHANGE_MEDIUM' : '2' bytes padding added after data member '_CHANGER_EXCHANGE_MEDIUM::Flip2'
c:\program files (x86)\microsoft sdks\windows\v7.0a\include\winioctl.h(3358): warning C4820: '_CHANGER_MOVE_MEDIUM' : '3' bytes padding added after data member '_CHANGER_MOVE_MEDIUM::Flip'
c:\program files (x86)\microsoft sdks\windows\v7.0a\include\winioctl.h(3724): warning C4820: '_CSV_NAMESPACE_INFO' : '4' bytes padding added after data member '_CSV_NAMESPACE_INFO::SectorSize'
c:\program files (x86)\microsoft sdks\windows\v7.0a\include\winioctl.h(3745): warning C4820: '_PATHNAME_BUFFER' : '2' bytes padding added after data member '_PATHNAME_BUFFER::Name'
c:\program files (x86)\microsoft sdks\windows\v7.0a\include\winioctl.h(3811): warning C4820: '<unnamed-tag>' : '7' bytes padding added after data member '<unnamed-tag>::Buffer'
c:\program files (x86)\microsoft sdks\windows\v7.0a\include\winioctl.h(3828): warning C4820: 'RETRIEVAL_POINTERS_BUFFER' : '4' bytes padding added after data member 'RETRIEVAL_POINTERS_BUFFER::ExtentCount'
c:\program files (x86)\microsoft sdks\windows\v7.0a\include\winioctl.h(3854): warning C4820: '<unnamed-tag>' : '3' bytes padding added after data member '<unnamed-tag>::FileRecordBuffer'
c:\program files (x86)\microsoft sdks\windows\v7.0a\include\winioctl.h(3865): warning C4820: '<unnamed-tag>' : '4' bytes padding added after data member '<unnamed-tag>::FileHandle'
c:\program files (x86)\microsoft sdks\windows\v7.0a\include\winioctl.h(3869): warning C4820: '<unnamed-tag>' : '4' bytes padding added after data member '<unnamed-tag>::ClusterCount'
c:\program files (x86)\microsoft sdks\windows\v7.0a\include\winioctl.h(3874): warning C4820: '<unnamed-tag>' : '4' bytes padding added after data member '<unnamed-tag>::FileHandle'
c:\program files (x86)\microsoft sdks\windows\v7.0a\include\winioctl.h(3911): warning C4820: '<unnamed-tag>' : '2' bytes padding added after data member '<unnamed-tag>::FileName'
c:\program files (x86)\microsoft sdks\windows\v7.0a\include\winioctl.h(3995): warning C4820: '<unnamed-tag>' : '2' bytes padding added after data member '<unnamed-tag>::FileName'
c:\program files (x86)\microsoft sdks\windows\v7.0a\include\winioctl.h(4047): warning C4820: '<unnamed-tag>' : '4' bytes padding added after data member '<unnamed-tag>::DeleteFlags'
c:\program files (x86)\microsoft sdks\windows\v7.0a\include\winioctl.h(4171): warning C4820: '_FILE_PREFETCH_EX' : '4' bytes padding added after data member '_FILE_PREFETCH_EX::Context'
c:\program files (x86)\microsoft sdks\windows\v7.0a\include\winioctl.h(4278): warning C4820: '_NTFS_STATISTICS' : '2' bytes padding added after data member '_NTFS_STATISTICS::MftWritesUserRequest'
c:\program files (x86)\microsoft sdks\windows\v7.0a\include\winioctl.h(4291): warning C4820: '_NTFS_STATISTICS' : '2' bytes padding added after data member '_NTFS_STATISTICS::Mft2WritesUserRequest'
c:\program files (x86)\microsoft sdks\windows\v7.0a\include\winioctl.h(4327): warning C4820: '_NTFS_STATISTICS' : '2' bytes padding added after data member '_NTFS_STATISTICS::MftBitmapWritesUserLevel'
c:\program files (x86)\microsoft sdks\windows\v7.0a\include\winioctl.h(4463): warning C4820: '_ENCRYPTION_BUFFER' : '3' bytes padding added after data member '_ENCRYPTION_BUFFER::Private'
c:\program files (x86)\microsoft sdks\windows\v7.0a\include\winioctl.h(4505): warning C4820: '_REQUEST_RAW_ENCRYPTED_DATA' : '4' bytes padding added after data member '_REQUEST_RAW_ENCRYPTED_DATA::Length'
c:\program files (x86)\microsoft sdks\windows\v7.0a\include\winioctl.h(4693): warning C4820: '_SI_COPYFILE' : '2' bytes padding added after data member '_SI_COPYFILE::FileNameBuffer'
c:\program files (x86)\microsoft sdks\windows\v7.0a\include\winioctl.h(4724): warning C4820: '_FILE_QUERY_SPARING_BUFFER' : '3' bytes padding added after data member '_FILE_QUERY_SPARING_BUFFER::SoftwareSparing'
c:\program files (x86)\microsoft sdks\windows\v7.0a\include\winioctl.h(4738): warning C4820: '_FILE_QUERY_ON_DISK_VOL_INFO_BUFFER' : '4' bytes padding added after data member '_FILE_QUERY_ON_DISK_VOL_INFO_BUFFER::FsFormatName'
c:\program files (x86)\microsoft sdks\windows\v7.0a\include\winioctl.h(4772): warning C4820: '_SHRINK_VOLUME_INFORMATION' : '4' bytes padding added after data member '_SHRINK_VOLUME_INFORMATION::ShrinkRequestType'
c:\program files (x86)\microsoft sdks\windows\v7.0a\include\winioctl.h(4898): warning C4820: '_TXFS_MODIFY_RM' : '6' bytes padding added after data member '_TXFS_MODIFY_RM::LoggingMode'
c:\program files (x86)\microsoft sdks\windows\v7.0a\include\winioctl.h(4959): warning C4820: '_TXFS_QUERY_RM_INFORMATION' : '4' bytes padding added after data member '_TXFS_QUERY_RM_INFORMATION::BytesRequired'
c:\program files (x86)\microsoft sdks\windows\v7.0a\include\winioctl.h(5111): warning C4820: '_TXFS_QUERY_RM_INFORMATION' : '4' bytes padding added after data member '_TXFS_QUERY_RM_INFORMATION::TmLogPathOffset'
c:\program files (x86)\microsoft sdks\windows\v7.0a\include\winioctl.h(5130): warning C4820: '_TXFS_ROLLFORWARD_REDO_INFORMATION' : '4' bytes padding added after data member '_TXFS_ROLLFORWARD_REDO_INFORMATION::Flags'
c:\program files (x86)\microsoft sdks\windows\v7.0a\include\winioctl.h(5194): warning C4820: '_TXFS_START_RM_INFORMATION' : '4' bytes padding added after data member '_TXFS_START_RM_INFORMATION::Flags'
c:\program files (x86)\microsoft sdks\windows\v7.0a\include\winioctl.h(5265): warning C4820: '_TXFS_START_RM_INFORMATION' : '2' bytes padding added after data member '_TXFS_START_RM_INFORMATION::LogPath'
c:\program files (x86)\microsoft sdks\windows\v7.0a\include\winioctl.h(5301): warning C4820: '_TXFS_GET_METADATA_INFO_OUT' : '4' bytes padding added after data member '_TXFS_GET_METADATA_INFO_OUT::TransactionState'
c:\program files (x86)\microsoft sdks\windows\v7.0a\include\winioctl.h(5340): warning C4820: '_TXFS_LIST_TRANSACTION_LOCKED_FILES_ENTRY' : '4' bytes padding added after data member '_TXFS_LIST_TRANSACTION_LOCKED_FILES_ENTRY::NameFlags'
c:\program files (x86)\microsoft sdks\windows\v7.0a\include\winioctl.h(5355): warning C4820: '_TXFS_LIST_TRANSACTION_LOCKED_FILES_ENTRY' : '6' bytes padding added after data member '_TXFS_LIST_TRANSACTION_LOCKED_FILES_ENTRY::FileName'
c:\program files (x86)\microsoft sdks\windows\v7.0a\include\winioctl.h(5411): warning C4820: '_TXFS_LIST_TRANSACTIONS_ENTRY' : '4' bytes padding added after data member '_TXFS_LIST_TRANSACTIONS_ENTRY::Reserved2'
c:\program files (x86)\microsoft sdks\windows\v7.0a\include\winioctl.h(5522): warning C4820: '_TXFS_GET_TRANSACTED_VERSION' : '2' bytes padding added after data member '_TXFS_GET_TRANSACTED_VERSION::LatestMiniVersion'
c:\program files (x86)\microsoft sdks\windows\v7.0a\include\winioctl.h(5609): warning C4820: '_TXFS_CREATE_MINIVERSION_INFO' : '2' bytes padding added after data member '_TXFS_CREATE_MINIVERSION_INFO::MiniVersion'
c:\program files (x86)\microsoft sdks\windows\v7.0a\include\winioctl.h(5637): warning C4820: '_BOOT_AREA_INFO' : '4' bytes padding added after data member '_BOOT_AREA_INFO::BootSectorCount'
c:\program files (x86)\microsoft sdks\windows\v7.0a\include\winioctl.h(5756): warning C4820: '_REQUEST_OPLOCK_OUTPUT_BUFFER' : '2' bytes padding added after data member '_REQUEST_OPLOCK_OUTPUT_BUFFER::ShareMode'
c:\program files (x86)\microsoft sdks\windows\v7.0a\include\winioctl.h(6020): warning C4820: '_LOOKUP_STREAM_FROM_CLUSTER_ENTRY' : '6' bytes padding added after data member '_LOOKUP_STREAM_FROM_CLUSTER_ENTRY::FileName'
c:\program files (x86)\microsoft sdks\windows\v7.0a\include\winioctl.h(6104): warning C4820: '_DISK_EXTENT' : '4' bytes padding added after data member '_DISK_EXTENT::DiskNumber'
c:\program files (x86)\microsoft sdks\windows\v7.0a\include\winioctl.h(6116): warning C4820: '_VOLUME_DISK_EXTENTS' : '4' bytes padding added after data member '_VOLUME_DISK_EXTENTS::NumberOfDiskExtents'
c:\program files (x86)\microsoft sdks\windows\v7.0a\include\winsmcrd.h(284): warning C4820: '<unnamed-tag>' : '1' bytes padding added after data member '<alignment member>'
c:\program files (x86)\microsoft sdks\windows\v7.0a\include\winspool.h(707): warning C4820: '_DRIVER_INFO_6A' : '4' bytes padding added after data member '_DRIVER_INFO_6A::ftDriverDate'
c:\program files (x86)\microsoft sdks\windows\v7.0a\include\winspool.h(726): warning C4820: '_DRIVER_INFO_6W' : '4' bytes padding added after data member '_DRIVER_INFO_6W::ftDriverDate'
c:\program files (x86)\microsoft sdks\windows\v7.0a\include\winspool.h(758): warning C4820: '_DRIVER_INFO_8A' : '4' bytes padding added after data member '_DRIVER_INFO_8A::ftDriverDate'
c:\program files (x86)\microsoft sdks\windows\v7.0a\include\winspool.h(785): warning C4820: '_DRIVER_INFO_8W' : '4' bytes padding added after data member '_DRIVER_INFO_8W::ftDriverDate'
c:\program files (x86)\microsoft sdks\windows\v7.0a\include\winspool.h(892): warning C4820: '_FORM_INFO_2A' : '2' bytes padding added after data member '_FORM_INFO_2A::wLangId'
c:\program files (x86)\microsoft sdks\windows\v7.0a\include\winspool.h(904): warning C4820: '_FORM_INFO_2W' : '2' bytes padding added after data member '_FORM_INFO_2W::wLangId'
c:\program files (x86)\microsoft sdks\windows\v7.0a\include\winspool.h(3433): warning C4820: '_CORE_PRINTER_DRIVERA' : '4' bytes padding added after data member '_CORE_PRINTER_DRIVERA::szPackageID'
c:\program files (x86)\microsoft sdks\windows\v7.0a\include\winspool.h(3597): warning C4820: '<unnamed-tag>' : '4' bytes padding added after data member '<unnamed-tag>::ePropertyType'
c:\program files (x86)\microsoft sdks\windows\v7.0a\include\winspool.h(3604): warning C4820: '<unnamed-tag>' : '4' bytes padding added after data member '<unnamed-tag>::propertyName'
c:\program files (x86)\microsoft sdks\windows\v7.0a\include\objidl.h(609): warning C4668: 'NTDDI_WINLH' is not defined as a preprocessor macro, replacing with '0' for '#if/#elif'
c:\program files (x86)\microsoft sdks\windows\v7.0a\include\objidl.h(4065): warning C4820: 'tagRemSNB' : '2' bytes padding added after data member 'tagRemSNB::rgString'
c:\program files (x86)\microsoft sdks\windows\v7.0a\include\objidl.h(4880): warning C4820: 'tagDVTARGETDEVICE' : '3' bytes padding added after data member 'tagDVTARGETDEVICE::tdData'
c:\program files (x86)\microsoft sdks\windows\v7.0a\include\objidl.h(4888): warning C4820: 'tagFORMATETC' : '2' bytes padding added after data member 'tagFORMATETC::cfFormat'
c:\program files (x86)\microsoft sdks\windows\v7.0a\include\objidl.h(5286): warning C4820: 'tagRemSTGMEDIUM' : '3' bytes padding added after data member 'tagRemSTGMEDIUM::data'
c:\program files (x86)\microsoft sdks\windows\v7.0a\include\objidl.h(6547): warning C4820: 'tagINTERFACEINFO' : '2' bytes padding added after data member 'tagINTERFACEINFO::wMethod'
c:\program files (x86)\microsoft sdks\windows\v7.0a\include\objbase.h(522): warning C4668: '_NT_TARGET_VERSION_WIN7' is not defined as a preprocessor macro, replacing with '0' for '#if/#elif'
c:\program files (x86)\microsoft sdks\windows\v7.0a\include\objbase.h(528): warning C4668: 'DBG' is not defined as a preprocessor macro, replacing with '0' for '#if/#elif'
c:\program files (x86)\microsoft sdks\windows\v7.0a\include\oaidl.h(610): warning C4820: 'tagTYPEDESC' : '2' bytes padding added after data member 'tagTYPEDESC::vt'
c:\program files (x86)\microsoft sdks\windows\v7.0a\include\oaidl.h(616): warning C4820: 'tagARRAYDESC' : '2' bytes padding added after data member 'tagARRAYDESC::cDims'
c:\program files (x86)\microsoft sdks\windows\v7.0a\include\oaidl.h(622): warning C4820: 'tagPARAMDESCEX' : '4' bytes padding added after data member 'tagPARAMDESCEX::cBytes'
c:\program files (x86)\microsoft sdks\windows\v7.0a\include\oaidl.h(631): warning C4820: 'tagPARAMDESC' : '2' bytes padding added after data member 'tagPARAMDESC::wParamFlags'
c:\program files (x86)\microsoft sdks\windows\v7.0a\include\oaidl.h(655): warning C4820: 'tagIDLDESC' : '2' bytes padding added after data member 'tagIDLDESC::wIDLFlags'
c:\program files (x86)\microsoft sdks\windows\v7.0a\include\oaidl.h(801): warning C4820: 'tagFUNCDESC' : '2' bytes padding added after data member 'tagFUNCDESC::wFuncFlags'
c:\program files (x86)\microsoft sdks\windows\v7.0a\include\oaidl.h(832): warning C4820: 'tagVARDESC' : '2' bytes padding added after data member 'tagVARDESC::wVarFlags'
c:\program files (x86)\microsoft sdks\windows\v7.0a\include\oaidl.h(3540): warning C4820: 'tagTLIBATTR' : '2' bytes padding added after data member 'tagTLIBATTR::wLibFlags'
c:\program files (x86)\microsoft sdks\windows\v7.0a\include\propidl.h(528): warning C4820: 'tagSTATPROPSTG' : '2' bytes padding added after data member 'tagSTATPROPSTG::vt'
c:\program files (x86)\microsoft sdks\windows\v7.0a\include\propidl.h(1226): warning C4820: 'tagSERIALIZEDPROPERTYVALUE' : '3' bytes padding added after data member 'tagSERIALIZEDPROPERTYVALUE::rgb'
c:\program files (x86)\microsoft sdks\windows\v7.0a\include\oleauto.h(1052): warning C4820: 'tagPARAMDATA' : '2' bytes padding added after data member 'tagPARAMDATA::vt'
c:\program files (x86)\microsoft sdks\windows\v7.0a\include\winsvc.h(572): warning C4820: '_SERVICE_PREFERRED_NODE_INFO' : '1' bytes padding added after data member '_SERVICE_PREFERRED_NODE_INFO::fDelete'
c:\program files (x86)\microsoft sdks\windows\v7.0a\include\mcx.h(43): warning C4820: '_MODEMDEVCAPS' : '3' bytes padding added after data member '_MODEMDEVCAPS::abVariablePortion'
c:\program files (x86)\microsoft sdks\windows\v7.0a\include\mcx.h(64): warning C4820: '_MODEMSETTINGS' : '3' bytes padding added after data member '_MODEMSETTINGS::abVariablePortion'
c:\program files (x86)\microsoft visual studio 10.0\vc\include\wchar.h(109): warning C4820: '_wfinddata64i32_t' : '4' bytes padding added after data member '_wfinddata64i32_t::attrib'
c:\program files (x86)\microsoft visual studio 10.0\vc\include\wchar.h(114): warning C4820: '_wfinddata64i32_t' : '4' bytes padding added after data member '_wfinddata64i32_t::name'
c:\program files (x86)\microsoft visual studio 10.0\vc\include\wchar.h(118): warning C4820: '_wfinddata64_t' : '4' bytes padding added after data member '_wfinddata64_t::attrib'
c:\program files (x86)\microsoft visual studio 10.0\vc\include\wchar.h(488): warning C4820: '_stat32' : '2' bytes padding added after data member '_stat32::st_gid'
c:\program files (x86)\microsoft visual studio 10.0\vc\include\wchar.h(504): warning C4820: 'stat' : '2' bytes padding added after data member 'stat::st_gid'
c:\program files (x86)\microsoft visual studio 10.0\vc\include\wchar.h(520): warning C4820: '_stat32i64' : '2' bytes padding added after data member '_stat32i64::st_gid'
c:\program files (x86)\microsoft visual studio 10.0\vc\include\wchar.h(521): warning C4820: '_stat32i64' : '4' bytes padding added after data member '_stat32i64::st_rdev'
c:\program files (x86)\microsoft visual studio 10.0\vc\include\wchar.h(525): warning C4820: '_stat32i64' : '4' bytes padding added after data member '_stat32i64::st_ctime'
c:\program files (x86)\microsoft visual studio 10.0\vc\include\wchar.h(534): warning C4820: '_stat64i32' : '2' bytes padding added after data member '_stat64i32::st_gid'
c:\program files (x86)\microsoft visual studio 10.0\vc\include\wchar.h(548): warning C4820: '_stat64' : '2' bytes padding added after data member '_stat64::st_gid'
c:\program files (x86)\microsoft visual studio 10.0\vc\include\wchar.h(549): warning C4820: '_stat64' : '4' bytes padding added after data member '_stat64::st_rdev'
c:\program files (x86)\microsoft visual studio 10.0\vc\include\crtdbg.h(1077): warning C4986: 'operator new[]': exception specification does not match previous declaration
          c:\program files (x86)\microsoft visual studio 10.0\vc\include\new(79) : see declaration of 'operator new[]'
c:\program files (x86)\microsoft visual studio 10.0\vc\include\crtdbg.h(1094): warning C4986: 'operator delete[]': exception specification does not match previous declaration
          c:\program files (x86)\microsoft visual studio 10.0\vc\include\new(77) : see declaration of 'operator delete[]'
c:\program files (x86)\microsoft visual studio 10.0\vc\include\typeinfo(76): warning C4820: 'type_info' : '3' bytes padding added after data member 'type_info::_M_d_name'
c:\0\dropbox\uni documents\computer graphics\universesimulation\raacamera\raacamera.h(16): warning C4820: '_raaCameraInput' : '1' bytes padding added after data member '_raaCameraInput::m_bMouse'
c:\0\dropbox\uni documents\computer graphics\universesimulation\raacomputergraphicsassignment1\jrlinkedlist.h(40): warning C4820: 'jrPlanet' : '2' bytes padding added after data member 'jrPlanet::m_bParticles'
c:\0\dropbox\uni documents\computer graphics\universesimulation\raacomputergraphicsassignment1\jruniversesimulation.cpp(186): warning C4365: 'initializing' : conversion from 'unsigned int' to 'int', signed/unsigned mismatch
c:\0\dropbox\uni documents\computer graphics\universesimulation\raacomputergraphicsassignment1\jruniversesimulation.cpp(188): warning C4365: '=' : conversion from 'int' to 'unsigned int', signed/unsigned mismatch
c:\0\dropbox\uni documents\computer graphics\universesimulation\raacomputergraphicsassignment1\jruniversesimulation.cpp(192): warning C4365: 'argument' : conversion from 'int' to 'DWORD', signed/unsigned mismatch
c:\0\dropbox\uni documents\computer graphics\universesimulation\raacomputergraphicsassignment1\jruniversesimulation.cpp(210): warning C4189: 'fForce' : local variable is initialized but not referenced
c:\0\dropbox\uni documents\computer graphics\universesimulation\raacomputergraphicsassignment1\jruniversesimulation.cpp(318): warning C4100: 'iYPos' : unreferenced formal parameter
c:\0\dropbox\uni documents\computer graphics\universesimulation\raacomputergraphicsassignment1\jruniversesimulation.cpp(318): warning C4100: 'iXPos' : unreferenced formal parameter
c:\0\dropbox\uni documents\computer graphics\universesimulation\raacomputergraphicsassignment1\jruniversesimulation.cpp(347): warning C4100: 'iYPos' : unreferenced formal parameter
c:\0\dropbox\uni documents\computer graphics\universesimulation\raacomputergraphicsassignment1\jruniversesimulation.cpp(347): warning C4100: 'iXPos' : unreferenced formal parameter
c:\0\dropbox\uni documents\computer graphics\universesimulation\raacomputergraphicsassignment1\jruniversesimulation.cpp(362): warning C4100: 'iYPos' : unreferenced formal parameter
c:\0\dropbox\uni documents\computer graphics\universesimulation\raacomputergraphicsassignment1\jruniversesimulation.cpp(362): warning C4100: 'iXPos' : unreferenced formal parameter
c:\0\dropbox\uni documents\computer graphics\universesimulation\raacomputergraphicsassignment1\jruniversesimulation.cpp(375): warning C4100: 'iYPos' : unreferenced formal parameter
c:\0\dropbox\uni documents\computer graphics\universesimulation\raacomputergraphicsassignment1\jruniversesimulation.cpp(375): warning C4100: 'iXPos' : unreferenced formal parameter
c:\0\dropbox\uni documents\computer graphics\universesimulation\raacomputergraphicsassignment1\jruniversesimulation.cpp(1123): warning C4996: 'fopen': This function or variable may be unsafe. Consider using fopen_s instead. To disable deprecation, use _CRT_SECURE_NO_WARNINGS. See online help for details.
          c:\program files (x86)\microsoft visual studio 10.0\vc\include\stdio.h(234) : see declaration of 'fopen'
c:\0\dropbox\uni documents\computer graphics\universesimulation\raacomputergraphicsassignment1\jruniversesimulation.cpp(1157): warning C4996: 'strcpy': This function or variable may be unsafe. Consider using strcpy_s instead. To disable deprecation, use _CRT_SECURE_NO_WARNINGS. See online help for details.
          c:\program files (x86)\microsoft visual studio 10.0\vc\include\string.h(105) : see declaration of 'strcpy'
c:\0\dropbox\uni documents\computer graphics\universesimulation\raacomputergraphicsassignment1\jruniversesimulation.cpp(1160): warning C4996: 'fopen': This function or variable may be unsafe. Consider using fopen_s instead. To disable deprecation, use _CRT_SECURE_NO_WARNINGS. See online help for details.
          c:\program files (x86)\microsoft visual studio 10.0\vc\include\stdio.h(234) : see declaration of 'fopen'
c:\0\dropbox\uni documents\computer graphics\universesimulation\raacomputergraphicsassignment1\jruniversesimulation.cpp(1164): warning C4996: 'fscanf': This function or variable may be unsafe. Consider using fscanf_s instead. To disable deprecation, use _CRT_SECURE_NO_WARNINGS. See online help for details.
          c:\program files (x86)\microsoft visual studio 10.0\vc\include\stdio.h(253) : see declaration of 'fscanf'
c:\0\dropbox\uni documents\computer graphics\universesimulation\raacomputergraphicsassignment1\jruniversesimulation.cpp(1166): warning C4996: 'strtok': This function or variable may be unsafe. Consider using strtok_s instead. To disable deprecation, use _CRT_SECURE_NO_WARNINGS. See online help for details.
          c:\program files (x86)\microsoft visual studio 10.0\vc\include\string.h(197) : see declaration of 'strtok'
c:\0\dropbox\uni documents\computer graphics\universesimulation\raacomputergraphicsassignment1\jruniversesimulation.cpp(1173): warning C4996: 'strtok': This function or variable may be unsafe. Consider using strtok_s instead. To disable deprecation, use _CRT_SECURE_NO_WARNINGS. See online help for details.
          c:\program files (x86)\microsoft visual studio 10.0\vc\include\string.h(197) : see declaration of 'strtok'
c:\0\dropbox\uni documents\computer graphics\universesimulation\raacomputergraphicsassignment1\jruniversesimulation.cpp(1176): warning C4996: 'strtok': This function or variable may be unsafe. Consider using strtok_s instead. To disable deprecation, use _CRT_SECURE_NO_WARNINGS. See online help for details.
          c:\program files (x86)\microsoft visual studio 10.0\vc\include\string.h(197) : see declaration of 'strtok'
c:\0\dropbox\uni documents\computer graphics\universesimulation\raacomputergraphicsassignment1\jruniversesimulation.cpp(1179): warning C4996: 'strtok': This function or variable may be unsafe. Consider using strtok_s instead. To disable deprecation, use _CRT_SECURE_NO_WARNINGS. See online help for details.
          c:\program files (x86)\microsoft visual studio 10.0\vc\include\string.h(197) : see declaration of 'strtok'
c:\0\dropbox\uni documents\computer graphics\universesimulation\raacomputergraphicsassignment1\jruniversesimulation.cpp(1182): warning C4996: 'strtok': This function or variable may be unsafe. Consider using strtok_s instead. To disable deprecation, use _CRT_SECURE_NO_WARNINGS. See online help for details.
          c:\program files (x86)\microsoft visual studio 10.0\vc\include\string.h(197) : see declaration of 'strtok'
c:\0\dropbox\uni documents\computer graphics\universesimulation\raacomputergraphicsassignment1\jruniversesimulation.cpp(1184): warning C4996: 'strtok': This function or variable may be unsafe. Consider using strtok_s instead. To disable deprecation, use _CRT_SECURE_NO_WARNINGS. See online help for details.
          c:\program files (x86)\microsoft visual studio 10.0\vc\include\string.h(197) : see declaration of 'strtok'
c:\0\dropbox\uni documents\computer graphics\universesimulation\raacomputergraphicsassignment1\jruniversesimulation.cpp(1186): warning C4996: 'strtok': This function or variable may be unsafe. Consider using strtok_s instead. To disable deprecation, use _CRT_SECURE_NO_WARNINGS. See online help for details.
          c:\program files (x86)\microsoft visual studio 10.0\vc\include\string.h(197) : see declaration of 'strtok'
c:\0\dropbox\uni documents\computer graphics\universesimulation\raacomputergraphicsassignment1\jruniversesimulation.cpp(1188): warning C4996: 'strtok': This function or variable may be unsafe. Consider using strtok_s instead. To disable deprecation, use _CRT_SECURE_NO_WARNINGS. See online help for details.
          c:\program files (x86)\microsoft visual studio 10.0\vc\include\string.h(197) : see declaration of 'strtok'
c:\0\dropbox\uni documents\computer graphics\universesimulation\raacomputergraphicsassignment1\jruniversesimulation.cpp(1193): warning C4996: 'strtok': This function or variable may be unsafe. Consider using strtok_s instead. To disable deprecation, use _CRT_SECURE_NO_WARNINGS. See online help for details.
          c:\program files (x86)\microsoft visual studio 10.0\vc\include\string.h(197) : see declaration of 'strtok'
c:\0\dropbox\uni documents\computer graphics\universesimulation\raacomputergraphicsassignment1\jruniversesimulation.cpp(1195): warning C4996: 'strtok': This function or variable may be unsafe. Consider using strtok_s instead. To disable deprecation, use _CRT_SECURE_NO_WARNINGS. See online help for details.
          c:\program files (x86)\microsoft visual studio 10.0\vc\include\string.h(197) : see declaration of 'strtok'
c:\0\dropbox\uni documents\computer graphics\universesimulation\raacomputergraphicsassignment1\jruniversesimulation.cpp(1197): warning C4996: 'strtok': This function or variable may be unsafe. Consider using strtok_s instead. To disable deprecation, use _CRT_SECURE_NO_WARNINGS. See online help for details.
          c:\program files (x86)\microsoft visual studio 10.0\vc\include\string.h(197) : see declaration of 'strtok'
c:\0\dropbox\uni documents\computer graphics\universesimulation\raacomputergraphicsassignment1\jruniversesimulation.cpp(1199): warning C4996: 'strtok': This function or variable may be unsafe. Consider using strtok_s instead. To disable deprecation, use _CRT_SECURE_NO_WARNINGS. See online help for details.
          c:\program files (x86)\microsoft visual studio 10.0\vc\include\string.h(197) : see declaration of 'strtok'
c:\0\dropbox\uni documents\computer graphics\universesimulation\raacomputergraphicsassignment1\jruniversesimulation.cpp(1202): warning C4996: 'strtok': This function or variable may be unsafe. Consider using strtok_s instead. To disable deprecation, use _CRT_SECURE_NO_WARNINGS. See online help for details.
          c:\program files (x86)\microsoft visual studio 10.0\vc\include\string.h(197) : see declaration of 'strtok'
c:\0\dropbox\uni documents\computer graphics\universesimulation\raacomputergraphicsassignment1\jruniversesimulation.cpp(1204): warning C4996: 'strtok': This function or variable may be unsafe. Consider using strtok_s instead. To disable deprecation, use _CRT_SECURE_NO_WARNINGS. See online help for details.
          c:\program files (x86)\microsoft visual studio 10.0\vc\include\string.h(197) : see declaration of 'strtok'
c:\0\dropbox\uni documents\computer graphics\universesimulation\raacomputergraphicsassignment1\jruniversesimulation.cpp(1206): warning C4996: 'strtok': This function or variable may be unsafe. Consider using strtok_s instead. To disable deprecation, use _CRT_SECURE_NO_WARNINGS. See online help for details.
          c:\program files (x86)\microsoft visual studio 10.0\vc\include\string.h(197) : see declaration of 'strtok'
c:\0\dropbox\uni documents\computer graphics\universesimulation\raacomputergraphicsassignment1\jruniversesimulation.cpp(1208): warning C4996: 'strtok': This function or variable may be unsafe. Consider using strtok_s instead. To disable deprecation, use _CRT_SECURE_NO_WARNINGS. See online help for details.
          c:\program files (x86)\microsoft visual studio 10.0\vc\include\string.h(197) : see declaration of 'strtok'
c:\0\dropbox\uni documents\computer graphics\universesimulation\raacomputergraphicsassignment1\jruniversesimulation.cpp(1211): warning C4996: 'strtok': This function or variable may be unsafe. Consider using strtok_s instead. To disable deprecation, use _CRT_SECURE_NO_WARNINGS. See online help for details.
          c:\program files (x86)\microsoft visual studio 10.0\vc\include\string.h(197) : see declaration of 'strtok'
c:\0\dropbox\uni documents\computer graphics\universesimulation\raacomputergraphicsassignment1\jruniversesimulation.cpp(1213): warning C4996: 'strtok': This function or variable may be unsafe. Consider using strtok_s instead. To disable deprecation, use _CRT_SECURE_NO_WARNINGS. See online help for details.
          c:\program files (x86)\microsoft visual studio 10.0\vc\include\string.h(197) : see declaration of 'strtok'
c:\0\dropbox\uni documents\computer graphics\universesimulation\raacomputergraphicsassignment1\jruniversesimulation.cpp(1215): warning C4996: 'strtok': This function or variable may be unsafe. Consider using strtok_s instead. To disable deprecation, use _CRT_SECURE_NO_WARNINGS. See online help for details.
          c:\program files (x86)\microsoft visual studio 10.0\vc\include\string.h(197) : see declaration of 'strtok'
c:\0\dropbox\uni documents\computer graphics\universesimulation\raacomputergraphicsassignment1\jruniversesimulation.cpp(1217): warning C4996: 'strtok': This function or variable may be unsafe. Consider using strtok_s instead. To disable deprecation, use _CRT_SECURE_NO_WARNINGS. See online help for details.
          c:\program files (x86)\microsoft visual studio 10.0\vc\include\string.h(197) : see declaration of 'strtok'
c:\0\dropbox\uni documents\computer graphics\universesimulation\raacomputergraphicsassignment1\jruniversesimulation.cpp(1220): warning C4996: 'strtok': This function or variable may be unsafe. Consider using strtok_s instead. To disable deprecation, use _CRT_SECURE_NO_WARNINGS. See online help for details.
          c:\program files (x86)\microsoft visual studio 10.0\vc\include\string.h(197) : see declaration of 'strtok'
c:\0\dropbox\uni documents\computer graphics\universesimulation\raacomputergraphicsassignment1\jruniversesimulation.cpp(1222): warning C4996: 'strtok': This function or variable may be unsafe. Consider using strtok_s instead. To disable deprecation, use _CRT_SECURE_NO_WARNINGS. See online help for details.
          c:\program files (x86)\microsoft visual studio 10.0\vc\include\string.h(197) : see declaration of 'strtok'
c:\0\dropbox\uni documents\computer graphics\universesimulation\raacomputergraphicsassignment1\jruniversesimulation.cpp(1224): warning C4996: 'strtok': This function or variable may be unsafe. Consider using strtok_s instead. To disable deprecation, use _CRT_SECURE_NO_WARNINGS. See online help for details.
          c:\program files (x86)\microsoft visual studio 10.0\vc\include\string.h(197) : see declaration of 'strtok'
c:\0\dropbox\uni documents\computer graphics\universesimulation\raacomputergraphicsassignment1\jruniversesimulation.cpp(1226): warning C4996: 'strtok': This function or variable may be unsafe. Consider using strtok_s instead. To disable deprecation, use _CRT_SECURE_NO_WARNINGS. See online help for details.
          c:\program files (x86)\microsoft visual studio 10.0\vc\include\string.h(197) : see declaration of 'strtok'
c:\0\dropbox\uni documents\computer graphics\universesimulation\raacomputergraphicsassignment1\jruniversesimulation.cpp(1229): warning C4996: 'strtok': This function or variable may be unsafe. Consider using strtok_s instead. To disable deprecation, use _CRT_SECURE_NO_WARNINGS. See online help for details.
          c:\program files (x86)\microsoft visual studio 10.0\vc\include\string.h(197) : see declaration of 'strtok'
c:\0\dropbox\uni documents\computer graphics\universesimulation\raacomputergraphicsassignment1\jruniversesimulation.cpp(1231): warning C4996: 'strtok': This function or variable may be unsafe. Consider using strtok_s instead. To disable deprecation, use _CRT_SECURE_NO_WARNINGS. See online help for details.
          c:\program files (x86)\microsoft visual studio 10.0\vc\include\string.h(197) : see declaration of 'strtok'
c:\0\dropbox\uni documents\computer graphics\universesimulation\raacomputergraphicsassignment1\jruniversesimulation.cpp(1233): warning C4996: 'strtok': This function or variable may be unsafe. Consider using strtok_s instead. To disable deprecation, use _CRT_SECURE_NO_WARNINGS. See online help for details.
          c:\program files (x86)\microsoft visual studio 10.0\vc\include\string.h(197) : see declaration of 'strtok'
c:\0\dropbox\uni documents\computer graphics\universesimulation\raacomputergraphicsassignment1\jruniversesimulation.cpp(1235): warning C4996: 'strtok': This function or variable may be unsafe. Consider using strtok_s instead. To disable deprecation, use _CRT_SECURE_NO_WARNINGS. See online help for details.
          c:\program files (x86)\microsoft visual studio 10.0\vc\include\string.h(197) : see declaration of 'strtok'
c:\0\dropbox\uni documents\computer graphics\universesimulation\raacomputergraphicsassignment1\jruniversesimulation.cpp(1238): warning C4996: 'strtok': This function or variable may be unsafe. Consider using strtok_s instead. To disable deprecation, use _CRT_SECURE_NO_WARNINGS. See online help for details.
          c:\program files (x86)\microsoft visual studio 10.0\vc\include\string.h(197) : see declaration of 'strtok'
c:\0\dropbox\uni documents\computer graphics\universesimulation\raacomputergraphicsassignment1\jruniversesimulation.cpp(1241): warning C4996: 'strtok': This function or variable may be unsafe. Consider using strtok_s instead. To disable deprecation, use _CRT_SECURE_NO_WARNINGS. See online help for details.
          c:\program files (x86)\microsoft visual studio 10.0\vc\include\string.h(197) : see declaration of 'strtok'
c:\0\dropbox\uni documents\computer graphics\universesimulation\raacomputergraphicsassignment1\jruniversesimulation.cpp(1252): warning C4996: 'strtok': This function or variable may be unsafe. Consider using strtok_s instead. To disable deprecation, use _CRT_SECURE_NO_WARNINGS. See online help for details.
          c:\program files (x86)\microsoft visual studio 10.0\vc\include\string.h(197) : see declaration of 'strtok'
c:\0\dropbox\uni documents\computer graphics\universesimulation\raacomputergraphicsassignment1\jruniversesimulation.cpp(1255): warning C4996: 'strtok': This function or variable may be unsafe. Consider using strtok_s instead. To disable deprecation, use _CRT_SECURE_NO_WARNINGS. See online help for details.
          c:\program files (x86)\microsoft visual studio 10.0\vc\include\string.h(197) : see declaration of 'strtok'
c:\0\dropbox\uni documents\computer graphics\universesimulation\raacomputergraphicsassignment1\jruniversesimulation.cpp(1258): warning C4996: 'strtok': This function or variable may be unsafe. Consider using strtok_s instead. To disable deprecation, use _CRT_SECURE_NO_WARNINGS. See online help for details.
          c:\program files (x86)\microsoft visual studio 10.0\vc\include\string.h(197) : see declaration of 'strtok'
c:\program files (x86)\microsoft visual studio 10.0\vc\include\xlocnum(133): warning C4710: 'std::_Exception_ptr std::_Exception_ptr::_Current_exception(void)' : function not inlined
          c:\program files (x86)\microsoft visual studio 10.0\vc\include\exception(448) : see declaration of 'std::_Exception_ptr::_Current_exception'
c:\program files (x86)\microsoft visual studio 10.0\vc\include\xlocnum(133): warning C4710: 'std::string std::locale::name(void) const' : function not inlined
          c:\program files (x86)\microsoft visual studio 10.0\vc\include\xlocale(425) : see declaration of 'std::locale::name'
c:\program files (x86)\microsoft visual studio 10.0\vc\include\xlocnum(133): warning C4710: 'std::locale std::ios_base::getloc(void) const' : function not inlined
          c:\program files (x86)\microsoft visual studio 10.0\vc\include\xiosbase(450) : see declaration of 'std::ios_base::getloc'
c:\program files (x86)\microsoft visual studio 10.0\vc\include\xlocnum(133): warning C4710: 'std::string std::numpunct<_Elem>::do_grouping(void) const' : function not inlined
          with
          [
              _Elem=char
          ]
          c:\program files (x86)\microsoft visual studio 10.0\vc\include\xlocnum(172) : see declaration of 'std::numpunct<_Elem>::do_grouping'
          with
          [
              _Elem=char
          ]
c:\program files (x86)\microsoft visual studio 10.0\vc\include\xlocnum(133): warning C4710: 'std::basic_string<_Elem,_Traits,_Ax> std::numpunct<_Elem>::do_falsename(void) const' : function not inlined
          with
          [
              _Elem=char,
              _Traits=std::char_traits<char>,
              _Ax=std::allocator<char>
          ]
          c:\program files (x86)\microsoft visual studio 10.0\vc\include\xlocnum(177) : see declaration of 'std::numpunct<_Elem>::do_falsename'
          with
          [
              _Elem=char
          ]
c:\program files (x86)\microsoft visual studio 10.0\vc\include\xlocnum(133): warning C4710: 'std::basic_string<_Elem,_Traits,_Ax> std::numpunct<_Elem>::do_truename(void) const' : function not inlined
          with
          [
              _Elem=char,
              _Traits=std::char_traits<char>,
              _Ax=std::allocator<char>
          ]
          c:\program files (x86)\microsoft visual studio 10.0\vc\include\xlocnum(182) : see declaration of 'std::numpunct<_Elem>::do_truename'
          with
          [
              _Elem=char
          ]
c:\program files (x86)\microsoft visual studio 10.0\vc\include\xlocnum(133): warning C4710: 'std::string std::numpunct<_Elem>::do_grouping(void) const' : function not inlined
          with
          [
              _Elem=wchar_t
          ]
          c:\program files (x86)\microsoft visual studio 10.0\vc\include\xlocnum(172) : see declaration of 'std::numpunct<_Elem>::do_grouping'
          with
          [
              _Elem=wchar_t
          ]
c:\program files (x86)\microsoft visual studio 10.0\vc\include\xlocnum(133): warning C4710: 'std::basic_string<_Elem,_Traits,_Ax> std::numpunct<_Elem>::do_falsename(void) const' : function not inlined
          with
          [
              _Elem=wchar_t,
              _Traits=std::char_traits<wchar_t>,
              _Ax=std::allocator<wchar_t>
          ]
          c:\program files (x86)\microsoft visual studio 10.0\vc\include\xlocnum(177) : see declaration of 'std::numpunct<_Elem>::do_falsename'
          with
          [
              _Elem=wchar_t
          ]
c:\program files (x86)\microsoft visual studio 10.0\vc\include\xlocnum(133): warning C4710: 'std::basic_string<_Elem,_Traits,_Ax> std::numpunct<_Elem>::do_truename(void) const' : function not inlined
          with
          [
              _Elem=wchar_t,
              _Traits=std::char_traits<wchar_t>,
              _Ax=std::allocator<wchar_t>
          ]
          c:\program files (x86)\microsoft visual studio 10.0\vc\include\xlocnum(182) : see declaration of 'std::numpunct<_Elem>::do_truename'
          with
          [
              _Elem=wchar_t
          ]
c:\program files (x86)\microsoft visual studio 10.0\vc\include\xlocnum(133): warning C4710: 'std::basic_string<_Elem,_Traits,_Ax> std::numpunct<_Elem>::falsename(void) const' : function not inlined
          with
          [
              _Elem=char,
              _Traits=std::char_traits<char>,
              _Ax=std::allocator<char>
          ]
          c:\program files (x86)\microsoft visual studio 10.0\vc\include\xlocnum(82) : see declaration of 'std::numpunct<_Elem>::falsename'
          with
          [
              _Elem=char
          ]
c:\program files (x86)\microsoft visual studio 10.0\vc\include\xlocnum(133): warning C4710: 'std::basic_string<_Elem,_Traits,_Ax> std::numpunct<_Elem>::truename(void) const' : function not inlined
          with
          [
              _Elem=char,
              _Traits=std::char_traits<char>,
              _Ax=std::allocator<char>
          ]
          c:\program files (x86)\microsoft visual studio 10.0\vc\include\xlocnum(87) : see declaration of 'std::numpunct<_Elem>::truename'
          with
          [
              _Elem=char
          ]
c:\program files (x86)\microsoft visual studio 10.0\vc\include\xlocnum(133): warning C4710: 'std::basic_string<_Elem,_Traits,_Ax> std::numpunct<_Elem>::falsename(void) const' : function not inlined
          with
          [
              _Elem=wchar_t,
              _Traits=std::char_traits<wchar_t>,
              _Ax=std::allocator<wchar_t>
          ]
          c:\program files (x86)\microsoft visual studio 10.0\vc\include\xlocnum(82) : see declaration of 'std::numpunct<_Elem>::falsename'
          with
          [
              _Elem=wchar_t
          ]
c:\program files (x86)\microsoft visual studio 10.0\vc\include\xlocnum(133): warning C4710: 'std::basic_string<_Elem,_Traits,_Ax> std::numpunct<_Elem>::truename(void) const' : function not inlined
          with
          [
              _Elem=wchar_t,
              _Traits=std::char_traits<wchar_t>,
              _Ax=std::allocator<wchar_t>
          ]
          c:\program files (x86)\microsoft visual studio 10.0\vc\include\xlocnum(87) : see declaration of 'std::numpunct<_Elem>::truename'
          with
          [
              _Elem=wchar_t
          ]
c:\program files (x86)\microsoft visual studio 10.0\vc\include\xlocnum(133): warning C4710: 'std::string std::numpunct<_Elem>::grouping(void) const' : function not inlined
          with
          [
              _Elem=char
          ]
          c:\program files (x86)\microsoft visual studio 10.0\vc\include\xlocnum(77) : see declaration of 'std::numpunct<_Elem>::grouping'
          with
          [
              _Elem=char
          ]
c:\program files (x86)\microsoft visual studio 10.0\vc\include\xlocnum(133): warning C4710: 'std::string std::numpunct<_Elem>::grouping(void) const' : function not inlined
          with
          [
              _Elem=wchar_t
          ]
          c:\program files (x86)\microsoft visual studio 10.0\vc\include\xlocnum(77) : see declaration of 'std::numpunct<_Elem>::grouping'
          with
          [
              _Elem=wchar_t
          ]
c:\program files (x86)\microsoft visual studio 10.0\vc\include\xlocnum(133): warning C4710: 'int sprintf_s<50>(char (&)[50],const char *,...) throw()' : function not inlined
          c:\program files (x86)\microsoft visual studio 10.0\vc\include\stdio.h(323) : see declaration of 'sprintf_s'
  jrLinkedList.cpp
c:\0\dropbox\uni documents\computer graphics\universesimulation\raacomputergraphicsassignment1\jrlinkedlist.h(40): warning C4820: 'jrPlanet' : '2' bytes padding added after data member 'jrPlanet::m_bParticles'
c:\program files (x86)\microsoft visual studio 10.0\vc\include\stdlib.h(467): warning C4514: 'abs' : unreferenced inline function has been removed
c:\program files (x86)\microsoft visual studio 10.0\vc\include\stdlib.h(471): warning C4514: 'abs' : unreferenced inline function has been removed
c:\program files (x86)\microsoft visual studio 10.0\vc\include\stdlib.h(475): warning C4514: 'div' : unreferenced inline function has been removed
c:\program files (x86)\microsoft visual studio 10.0\vc\include\stdlib.h(479): warning C4514: 'div' : unreferenced inline function has been removed
c:\program files (x86)\microsoft visual studio 10.0\vc\include\swprintf.inl(36): warning C4514: 'swprintf' : unreferenced inline function has been removed
c:\program files (x86)\microsoft visual studio 10.0\vc\include\swprintf.inl(49): warning C4514: 'vswprintf' : unreferenced inline function has been removed
c:\program files (x86)\microsoft visual studio 10.0\vc\include\swprintf.inl(60): warning C4514: '_swprintf_l' : unreferenced inline function has been removed
c:\program files (x86)\microsoft visual studio 10.0\vc\include\swprintf.inl(73): warning C4514: '_vswprintf_l' : unreferenced inline function has been removed
c:\program files (x86)\microsoft visual studio 10.0\vc\include\swprintf.inl(85): warning C4514: 'swprintf' : unreferenced inline function has been removed
c:\program files (x86)\microsoft visual studio 10.0\vc\include\swprintf.inl(97): warning C4514: 'vswprintf' : unreferenced inline function has been removed
c:\program files (x86)\microsoft visual studio 10.0\vc\include\swprintf.inl(105): warning C4514: '_swprintf_l' : unreferenced inline function has been removed
c:\program files (x86)\microsoft visual studio 10.0\vc\include\swprintf.inl(117): warning C4514: '_vswprintf_l' : unreferenced inline function has been removed
c:\program files (x86)\microsoft visual studio 10.0\vc\include\stdio.h(440): warning C4514: 'getwchar' : unreferenced inline function has been removed
c:\program files (x86)\microsoft visual studio 10.0\vc\include\stdio.h(442): warning C4514: 'putwchar' : unreferenced inline function has been removed
  Generating Code...
jrLinkedList.obj : warning LNK4075: ignoring '/EDITANDCONTINUE' due to '/INCREMENTAL:NO' specification
SOIL.lib(image_DXT.obj) : warning LNK4099: PDB 'vc100.pdb' was not found with 'SOIL.lib(image_DXT.obj)' or at 'C:\0\Dropbox\Uni Documents\Computer Graphics\UniverseSimulation\Debug\vc100.pdb'; linking object as if no debug info
SOIL.lib(image_helper.obj) : warning LNK4099: PDB 'vc100.pdb' was not found with 'SOIL.lib(image_helper.obj)' or at 'C:\0\Dropbox\Uni Documents\Computer Graphics\UniverseSimulation\Debug\vc100.pdb'; linking object as if no debug info
SOIL.lib(SOIL.obj) : warning LNK4099: PDB 'vc100.pdb' was not found with 'SOIL.lib(SOIL.obj)' or at 'C:\0\Dropbox\Uni Documents\Computer Graphics\UniverseSimulation\Debug\vc100.pdb'; linking object as if no debug info
SOIL.lib(stb_image_aug.obj) : warning LNK4099: PDB 'vc100.pdb' was not found with 'SOIL.lib(stb_image_aug.obj)' or at 'C:\0\Dropbox\Uni Documents\Computer Graphics\UniverseSimulation\Debug\vc100.pdb'; linking object as if no debug info
  raaComputerGraphicsAssignment1.vcxproj -> C:\0\Dropbox\Uni Documents\Computer Graphics\UniverseSimulation\Debug\UniverseSimulation.exe
