C:\0\DROPBOX\UNI DOCUMENTS\COMPUTER GRAPHICS\ASSIGNMENT\RAACOMPUTERGRAPHICSASSIGNMENT1-TEMPLATE(1)\RAACOMPUTERGRAPHICSASSIGNMENT1-TEMPLATE\DEBUG\RAACOMPUTERGRAPHICSASSIGNMENT1.EXE
C:\0\DROPBOX\UNI DOCUMENTS\COMPUTER GRAPHICS\ASSIGNMENT\RAACOMPUTERGRAPHICSASSIGNMENT1-TEMPLATE(1)\RAACOMPUTERGRAPHICSASSIGNMENT1-TEMPLATE\DEBUG\RAACOMPUTERGRAPHICSASSIGNMENT1.ILK
C:\0\DROPBOX\UNI DOCUMENTS\COMPUTER GRAPHICS\ASSIGNMENT\RAACOMPUTERGRAPHICSASSIGNMENT1-TEMPLATE(1)\RAACOMPUTERGRAPHICSASSIGNMENT1-TEMPLATE\DEBUG\RAACOMPUTERGRAPHICSASSIGNMENT1.PDB
C:\0\DROPBOX\UNI DOCUMENTS\COMPUTER GRAPHICS\ASSIGNMENT\RAACOMPUTERGRAPHICSASSIGNMENT1-TEMPLATE(1)\RAACOMPUTERGRAPHICSASSIGNMENT1-TEMPLATE\RAACOMPUTERGRAPHICSASSIGNMENT1\DEBUG\JRLINKEDLIST.OBJ
C:\0\DROPBOX\UNI DOCUMENTS\COMPUTER GRAPHICS\ASSIGNMENT\RAACOMPUTERGRAPHICSASSIGNMENT1-TEMPLATE(1)\RAACOMPUTERGRAPHICSASSIGNMENT1-TEMPLATE\RAACOMPUTERGRAPHICSASSIGNMENT1\DEBUG\RAACOMPUTERGRAPHICSASSIGNMENT1.EXE.EMBED.MANIFEST
C:\0\DROPBOX\UNI DOCUMENTS\COMPUTER GRAPHICS\ASSIGNMENT\RAACOMPUTERGRAPHICSASSIGNMENT1-TEMPLATE(1)\RAACOMPUTERGRAPHICSASSIGNMENT1-TEMPLATE\RAACOMPUTERGRAPHICSASSIGNMENT1\DEBUG\RAACOMPUTERGRAPHICSASSIGNMENT1.EXE.EMBED.MANIFEST.RES
C:\0\DROPBOX\UNI DOCUMENTS\COMPUTER GRAPHICS\ASSIGNMENT\RAACOMPUTERGRAPHICSASSIGNMENT1-TEMPLATE(1)\RAACOMPUTERGRAPHICSASSIGNMENT1-TEMPLATE\RAACOMPUTERGRAPHICSASSIGNMENT1\DEBUG\RAACOMPUTERGRAPHICSASSIGNMENT1.EXE.INTERMEDIATE.MANIFEST
C:\0\DROPBOX\UNI DOCUMENTS\COMPUTER GRAPHICS\ASSIGNMENT\RAACOMPUTERGRAPHICSASSIGNMENT1-TEMPLATE(1)\RAACOMPUTERGRAPHICSASSIGNMENT1-TEMPLATE\RAACOMPUTERGRAPHICSASSIGNMENT1\DEBUG\RAACOMPUTERGRAPHICSASSIGNMENT1.OBJ
C:\0\DROPBOX\UNI DOCUMENTS\COMPUTER GRAPHICS\ASSIGNMENT\RAACOMPUTERGRAPHICSASSIGNMENT1-TEMPLATE(1)\RAACOMPUTERGRAPHICSASSIGNMENT1-TEMPLATE\RAACOMPUTERGRAPHICSASSIGNMENT1\DEBUG\VC100.PDB
D:\0\DROPBOX\UNI DOCUMENTS\COMPUTER GRAPHICS\ASSIGNMENT\RAACOMPUTERGRAPHICSASSIGNMENT1-TEMPLATE(1)\RAACOMPUTERGRAPHICSASSIGNMENT1-TEMPLATE\DEBUG\RAACOMPUTERGRAPHICSASSIGNMENT1.EXE
D:\0\DROPBOX\UNI DOCUMENTS\COMPUTER GRAPHICS\ASSIGNMENT\RAACOMPUTERGRAPHICSASSIGNMENT1-TEMPLATE(1)\RAACOMPUTERGRAPHICSASSIGNMENT1-TEMPLATE\DEBUG\RAACOMPUTERGRAPHICSASSIGNMENT1.ILK
D:\0\DROPBOX\UNI DOCUMENTS\COMPUTER GRAPHICS\ASSIGNMENT\RAACOMPUTERGRAPHICSASSIGNMENT1-TEMPLATE(1)\RAACOMPUTERGRAPHICSASSIGNMENT1-TEMPLATE\DEBUG\RAACOMPUTERGRAPHICSASSIGNMENT1.PDB
D:\0\Dropbox\Uni Documents\Computer Graphics\Assignment\raaComputerGraphicsAssignment1-template(1)\raaComputerGraphicsAssignment1-template\raaComputerGraphicsAssignment1\Debug\cl.command.1.tlog
D:\0\Dropbox\Uni Documents\Computer Graphics\Assignment\raaComputerGraphicsAssignment1-template(1)\raaComputerGraphicsAssignment1-template\raaComputerGraphicsAssignment1\Debug\CL.read.1.tlog
D:\0\Dropbox\Uni Documents\Computer Graphics\Assignment\raaComputerGraphicsAssignment1-template(1)\raaComputerGraphicsAssignment1-template\raaComputerGraphicsAssignment1\Debug\CL.write.1.tlog
D:\0\DROPBOX\UNI DOCUMENTS\COMPUTER GRAPHICS\ASSIGNMENT\RAACOMPUTERGRAPHICSASSIGNMENT1-TEMPLATE(1)\RAACOMPUTERGRAPHICSASSIGNMENT1-TEMPLATE\RAACOMPUTERGRAPHICSASSIGNMENT1\DEBUG\JRLINKEDLIST.OBJ
D:\0\Dropbox\Uni Documents\Computer Graphics\Assignment\raaComputerGraphicsAssignment1-template(1)\raaComputerGraphicsAssignment1-template\raaComputerGraphicsAssignment1\Debug\link.3052.read.1.tlog
D:\0\Dropbox\Uni Documents\Computer Graphics\Assignment\raaComputerGraphicsAssignment1-template(1)\raaComputerGraphicsAssignment1-template\raaComputerGraphicsAssignment1\Debug\link.3052.write.1.tlog
D:\0\Dropbox\Uni Documents\Computer Graphics\Assignment\raaComputerGraphicsAssignment1-template(1)\raaComputerGraphicsAssignment1-template\raaComputerGraphicsAssignment1\Debug\link.3052-cvtres.read.1.tlog
D:\0\Dropbox\Uni Documents\Computer Graphics\Assignment\raaComputerGraphicsAssignment1-template(1)\raaComputerGraphicsAssignment1-template\raaComputerGraphicsAssignment1\Debug\link.3052-cvtres.write.1.tlog
D:\0\Dropbox\Uni Documents\Computer Graphics\Assignment\raaComputerGraphicsAssignment1-template(1)\raaComputerGraphicsAssignment1-template\raaComputerGraphicsAssignment1\Debug\link.5252.read.1.tlog
D:\0\Dropbox\Uni Documents\Computer Graphics\Assignment\raaComputerGraphicsAssignment1-template(1)\raaComputerGraphicsAssignment1-template\raaComputerGraphicsAssignment1\Debug\link.5252.write.1.tlog
D:\0\Dropbox\Uni Documents\Computer Graphics\Assignment\raaComputerGraphicsAssignment1-template(1)\raaComputerGraphicsAssignment1-template\raaComputerGraphicsAssignment1\Debug\link.5252-cvtres.read.1.tlog
D:\0\Dropbox\Uni Documents\Computer Graphics\Assignment\raaComputerGraphicsAssignment1-template(1)\raaComputerGraphicsAssignment1-template\raaComputerGraphicsAssignment1\Debug\link.5252-cvtres.write.1.tlog
D:\0\Dropbox\Uni Documents\Computer Graphics\Assignment\raaComputerGraphicsAssignment1-template(1)\raaComputerGraphicsAssignment1-template\raaComputerGraphicsAssignment1\Debug\link.5336.read.1.tlog
D:\0\Dropbox\Uni Documents\Computer Graphics\Assignment\raaComputerGraphicsAssignment1-template(1)\raaComputerGraphicsAssignment1-template\raaComputerGraphicsAssignment1\Debug\link.5336.write.1.tlog
D:\0\Dropbox\Uni Documents\Computer Graphics\Assignment\raaComputerGraphicsAssignment1-template(1)\raaComputerGraphicsAssignment1-template\raaComputerGraphicsAssignment1\Debug\link.5336-cvtres.read.1.tlog
D:\0\Dropbox\Uni Documents\Computer Graphics\Assignment\raaComputerGraphicsAssignment1-template(1)\raaComputerGraphicsAssignment1-template\raaComputerGraphicsAssignment1\Debug\link.5336-cvtres.write.1.tlog
D:\0\Dropbox\Uni Documents\Computer Graphics\Assignment\raaComputerGraphicsAssignment1-template(1)\raaComputerGraphicsAssignment1-template\raaComputerGraphicsAssignment1\Debug\link.6472.read.1.tlog
D:\0\Dropbox\Uni Documents\Computer Graphics\Assignment\raaComputerGraphicsAssignment1-template(1)\raaComputerGraphicsAssignment1-template\raaComputerGraphicsAssignment1\Debug\link.6472.write.1.tlog
D:\0\Dropbox\Uni Documents\Computer Graphics\Assignment\raaComputerGraphicsAssignment1-template(1)\raaComputerGraphicsAssignment1-template\raaComputerGraphicsAssignment1\Debug\link.6472-cvtres.read.1.tlog
D:\0\Dropbox\Uni Documents\Computer Graphics\Assignment\raaComputerGraphicsAssignment1-template(1)\raaComputerGraphicsAssignment1-template\raaComputerGraphicsAssignment1\Debug\link.6472-cvtres.write.1.tlog
D:\0\Dropbox\Uni Documents\Computer Graphics\Assignment\raaComputerGraphicsAssignment1-template(1)\raaComputerGraphicsAssignment1-template\raaComputerGraphicsAssignment1\Debug\link.7272.read.1.tlog
D:\0\Dropbox\Uni Documents\Computer Graphics\Assignment\raaComputerGraphicsAssignment1-template(1)\raaComputerGraphicsAssignment1-template\raaComputerGraphicsAssignment1\Debug\link.7272.write.1.tlog
D:\0\Dropbox\Uni Documents\Computer Graphics\Assignment\raaComputerGraphicsAssignment1-template(1)\raaComputerGraphicsAssignment1-template\raaComputerGraphicsAssignment1\Debug\link.7272-cvtres.read.1.tlog
D:\0\Dropbox\Uni Documents\Computer Graphics\Assignment\raaComputerGraphicsAssignment1-template(1)\raaComputerGraphicsAssignment1-template\raaComputerGraphicsAssignment1\Debug\link.7272-cvtres.write.1.tlog
D:\0\Dropbox\Uni Documents\Computer Graphics\Assignment\raaComputerGraphicsAssignment1-template(1)\raaComputerGraphicsAssignment1-template\raaComputerGraphicsAssignment1\Debug\link.7592.read.1.tlog
D:\0\Dropbox\Uni Documents\Computer Graphics\Assignment\raaComputerGraphicsAssignment1-template(1)\raaComputerGraphicsAssignment1-template\raaComputerGraphicsAssignment1\Debug\link.7592.write.1.tlog
D:\0\Dropbox\Uni Documents\Computer Graphics\Assignment\raaComputerGraphicsAssignment1-template(1)\raaComputerGraphicsAssignment1-template\raaComputerGraphicsAssignment1\Debug\link.7592-cvtres.read.1.tlog
D:\0\Dropbox\Uni Documents\Computer Graphics\Assignment\raaComputerGraphicsAssignment1-template(1)\raaComputerGraphicsAssignment1-template\raaComputerGraphicsAssignment1\Debug\link.7592-cvtres.write.1.tlog
D:\0\Dropbox\Uni Documents\Computer Graphics\Assignment\raaComputerGraphicsAssignment1-template(1)\raaComputerGraphicsAssignment1-template\raaComputerGraphicsAssignment1\Debug\link.7700.read.1.tlog
D:\0\Dropbox\Uni Documents\Computer Graphics\Assignment\raaComputerGraphicsAssignment1-template(1)\raaComputerGraphicsAssignment1-template\raaComputerGraphicsAssignment1\Debug\link.7700.write.1.tlog
D:\0\Dropbox\Uni Documents\Computer Graphics\Assignment\raaComputerGraphicsAssignment1-template(1)\raaComputerGraphicsAssignment1-template\raaComputerGraphicsAssignment1\Debug\link.7700-cvtres.read.1.tlog
D:\0\Dropbox\Uni Documents\Computer Graphics\Assignment\raaComputerGraphicsAssignment1-template(1)\raaComputerGraphicsAssignment1-template\raaComputerGraphicsAssignment1\Debug\link.7700-cvtres.write.1.tlog
D:\0\Dropbox\Uni Documents\Computer Graphics\Assignment\raaComputerGraphicsAssignment1-template(1)\raaComputerGraphicsAssignment1-template\raaComputerGraphicsAssignment1\Debug\link.command.1.tlog
D:\0\Dropbox\Uni Documents\Computer Graphics\Assignment\raaComputerGraphicsAssignment1-template(1)\raaComputerGraphicsAssignment1-template\raaComputerGraphicsAssignment1\Debug\link.read.1 (Ada's conflicted copy 2013-11-18).tlog
D:\0\Dropbox\Uni Documents\Computer Graphics\Assignment\raaComputerGraphicsAssignment1-template(1)\raaComputerGraphicsAssignment1-template\raaComputerGraphicsAssignment1\Debug\link.read.1.tlog
D:\0\Dropbox\Uni Documents\Computer Graphics\Assignment\raaComputerGraphicsAssignment1-template(1)\raaComputerGraphicsAssignment1-template\raaComputerGraphicsAssignment1\Debug\link.read.2.tlog
D:\0\Dropbox\Uni Documents\Computer Graphics\Assignment\raaComputerGraphicsAssignment1-template(1)\raaComputerGraphicsAssignment1-template\raaComputerGraphicsAssignment1\Debug\link.write.1.tlog
D:\0\Dropbox\Uni Documents\Computer Graphics\Assignment\raaComputerGraphicsAssignment1-template(1)\raaComputerGraphicsAssignment1-template\raaComputerGraphicsAssignment1\Debug\link-cvtres.read.1.tlog
D:\0\Dropbox\Uni Documents\Computer Graphics\Assignment\raaComputerGraphicsAssignment1-template(1)\raaComputerGraphicsAssignment1-template\raaComputerGraphicsAssignment1\Debug\link-cvtres.write.1.tlog
D:\0\Dropbox\Uni Documents\Computer Graphics\Assignment\raaComputerGraphicsAssignment1-template(1)\raaComputerGraphicsAssignment1-template\raaComputerGraphicsAssignment1\Debug\mt.command.1.tlog
D:\0\Dropbox\Uni Documents\Computer Graphics\Assignment\raaComputerGraphicsAssignment1-template(1)\raaComputerGraphicsAssignment1-template\raaComputerGraphicsAssignment1\Debug\mt.read.1.tlog
D:\0\Dropbox\Uni Documents\Computer Graphics\Assignment\raaComputerGraphicsAssignment1-template(1)\raaComputerGraphicsAssignment1-template\raaComputerGraphicsAssignment1\Debug\mt.write.1.tlog
D:\0\Dropbox\Uni Documents\Computer Graphics\Assignment\raaComputerGraphicsAssignment1-template(1)\raaComputerGraphicsAssignment1-template\raaComputerGraphicsAssignment1\Debug\raaComputerGraphicsAssignment1 (Ada's conflicted copy 2013-11-18).obj
D:\0\DROPBOX\UNI DOCUMENTS\COMPUTER GRAPHICS\ASSIGNMENT\RAACOMPUTERGRAPHICSASSIGNMENT1-TEMPLATE(1)\RAACOMPUTERGRAPHICSASSIGNMENT1-TEMPLATE\RAACOMPUTERGRAPHICSASSIGNMENT1\DEBUG\RAACOMPUTERGRAPHICSASSIGNMENT1.EXE.EMBED.MANIFEST
D:\0\DROPBOX\UNI DOCUMENTS\COMPUTER GRAPHICS\ASSIGNMENT\RAACOMPUTERGRAPHICSASSIGNMENT1-TEMPLATE(1)\RAACOMPUTERGRAPHICSASSIGNMENT1-TEMPLATE\RAACOMPUTERGRAPHICSASSIGNMENT1\DEBUG\RAACOMPUTERGRAPHICSASSIGNMENT1.EXE.EMBED.MANIFEST.RES
D:\0\DROPBOX\UNI DOCUMENTS\COMPUTER GRAPHICS\ASSIGNMENT\RAACOMPUTERGRAPHICSASSIGNMENT1-TEMPLATE(1)\RAACOMPUTERGRAPHICSASSIGNMENT1-TEMPLATE\RAACOMPUTERGRAPHICSASSIGNMENT1\DEBUG\RAACOMPUTERGRAPHICSASSIGNMENT1.EXE.INTERMEDIATE.MANIFEST
D:\0\DROPBOX\UNI DOCUMENTS\COMPUTER GRAPHICS\ASSIGNMENT\RAACOMPUTERGRAPHICSASSIGNMENT1-TEMPLATE(1)\RAACOMPUTERGRAPHICSASSIGNMENT1-TEMPLATE\RAACOMPUTERGRAPHICSASSIGNMENT1\DEBUG\RAACOMPUTERGRAPHICSASSIGNMENT1.OBJ
D:\0\Dropbox\Uni Documents\Computer Graphics\Assignment\raaComputerGraphicsAssignment1-template(1)\raaComputerGraphicsAssignment1-template\raaComputerGraphicsAssignment1\Debug\raaComputerGraphicsAssignment1_manifest.rc
D:\0\Dropbox\Uni Documents\Computer Graphics\Assignment\raaComputerGraphicsAssignment1-template(1)\raaComputerGraphicsAssignment1-template\raaComputerGraphicsAssignment1\Debug\rc.command.1.tlog
D:\0\Dropbox\Uni Documents\Computer Graphics\Assignment\raaComputerGraphicsAssignment1-template(1)\raaComputerGraphicsAssignment1-template\raaComputerGraphicsAssignment1\Debug\rc.read.1.tlog
D:\0\Dropbox\Uni Documents\Computer Graphics\Assignment\raaComputerGraphicsAssignment1-template(1)\raaComputerGraphicsAssignment1-template\raaComputerGraphicsAssignment1\Debug\rc.write.1.tlog
D:\0\Dropbox\Uni Documents\Computer Graphics\Assignment\raaComputerGraphicsAssignment1-template(1)\raaComputerGraphicsAssignment1-template\raaComputerGraphicsAssignment1\Debug\vc100 (Ada's conflicted copy 2013-11-18).idb
D:\0\Dropbox\Uni Documents\Computer Graphics\Assignment\raaComputerGraphicsAssignment1-template(1)\raaComputerGraphicsAssignment1-template\raaComputerGraphicsAssignment1\Debug\vc100 (Ada's conflicted copy 2013-11-18).pdb
D:\0\Dropbox\Uni Documents\Computer Graphics\Assignment\raaComputerGraphicsAssignment1-template(1)\raaComputerGraphicsAssignment1-template\raaComputerGraphicsAssignment1\Debug\vc100.idb
D:\0\DROPBOX\UNI DOCUMENTS\COMPUTER GRAPHICS\ASSIGNMENT\RAACOMPUTERGRAPHICSASSIGNMENT1-TEMPLATE(1)\RAACOMPUTERGRAPHICSASSIGNMENT1-TEMPLATE\RAACOMPUTERGRAPHICSASSIGNMENT1\DEBUG\VC100.PDB
