C:\0\DROPBOX\UNI DOCUMENTS\COMPUTER GRAPHICS\ASSIGNMENT\RAACOMPUTERGRAPHICSASSIGNMENT1-TEMPLATE(1)\RAACOMPUTERGRAPHICSASSIGNMENT1-TEMPLATE\DEBUG\RAAMATHS.LIB
C:\0\DROPBOX\UNI DOCUMENTS\COMPUTER GRAPHICS\ASSIGNMENT\RAACOMPUTERGRAPHICSASSIGNMENT1-TEMPLATE(1)\RAACOMPUTERGRAPHICSASSIGNMENT1-TEMPLATE\RAAMATHS\DEBUG\RAAMATHS.OBJ
C:\0\DROPBOX\UNI DOCUMENTS\COMPUTER GRAPHICS\ASSIGNMENT\RAACOMPUTERGRAPHICSASSIGNMENT1-TEMPLATE(1)\RAACOMPUTERGRAPHICSASSIGNMENT1-TEMPLATE\RAAMATHS\DEBUG\RAAMATHS.PCH
C:\0\DROPBOX\UNI DOCUMENTS\COMPUTER GRAPHICS\ASSIGNMENT\RAACOMPUTERGRAPHICSASSIGNMENT1-TEMPLATE(1)\RAACOMPUTERGRAPHICSASSIGNMENT1-TEMPLATE\RAAMATHS\DEBUG\RAAMATRIX.OBJ
C:\0\DROPBOX\UNI DOCUMENTS\COMPUTER GRAPHICS\ASSIGNMENT\RAACOMPUTERGRAPHICSASSIGNMENT1-TEMPLATE(1)\RAACOMPUTERGRAPHICSASSIGNMENT1-TEMPLATE\RAAMATHS\DEBUG\RAAVECTOR.OBJ
C:\0\DROPBOX\UNI DOCUMENTS\COMPUTER GRAPHICS\ASSIGNMENT\RAACOMPUTERGRAPHICSASSIGNMENT1-TEMPLATE(1)\RAACOMPUTERGRAPHICSASSIGNMENT1-TEMPLATE\RAAMATHS\DEBUG\STDAFX.OBJ
C:\0\DROPBOX\UNI DOCUMENTS\COMPUTER GRAPHICS\ASSIGNMENT\RAACOMPUTERGRAPHICSASSIGNMENT1-TEMPLATE(1)\RAACOMPUTERGRAPHICSASSIGNMENT1-TEMPLATE\RAAMATHS\DEBUG\VC100.PDB
D:\0\DROPBOX\UNI DOCUMENTS\COMPUTER GRAPHICS\ASSIGNMENT\RAACOMPUTERGRAPHICSASSIGNMENT1-TEMPLATE(1)\RAACOMPUTERGRAPHICSASSIGNMENT1-TEMPLATE\DEBUG\RAAMATHS.LIB
D:\0\Dropbox\Uni Documents\Computer Graphics\Assignment\raaComputerGraphicsAssignment1-template(1)\raaComputerGraphicsAssignment1-template\raaMaths\Debug\cl.command.1.tlog
D:\0\Dropbox\Uni Documents\Computer Graphics\Assignment\raaComputerGraphicsAssignment1-template(1)\raaComputerGraphicsAssignment1-template\raaMaths\Debug\CL.read.1.tlog
D:\0\Dropbox\Uni Documents\Computer Graphics\Assignment\raaComputerGraphicsAssignment1-template(1)\raaComputerGraphicsAssignment1-template\raaMaths\Debug\CL.write.1.tlog
D:\0\Dropbox\Uni Documents\Computer Graphics\Assignment\raaComputerGraphicsAssignment1-template(1)\raaComputerGraphicsAssignment1-template\raaMaths\Debug\lib.command.1.tlog
D:\0\Dropbox\Uni Documents\Computer Graphics\Assignment\raaComputerGraphicsAssignment1-template(1)\raaComputerGraphicsAssignment1-template\raaMaths\Debug\Lib-link.read.1.tlog
D:\0\Dropbox\Uni Documents\Computer Graphics\Assignment\raaComputerGraphicsAssignment1-template(1)\raaComputerGraphicsAssignment1-template\raaMaths\Debug\Lib-link.write.1.tlog
D:\0\DROPBOX\UNI DOCUMENTS\COMPUTER GRAPHICS\ASSIGNMENT\RAACOMPUTERGRAPHICSASSIGNMENT1-TEMPLATE(1)\RAACOMPUTERGRAPHICSASSIGNMENT1-TEMPLATE\RAAMATHS\DEBUG\RAAMATHS.OBJ
D:\0\DROPBOX\UNI DOCUMENTS\COMPUTER GRAPHICS\ASSIGNMENT\RAACOMPUTERGRAPHICSASSIGNMENT1-TEMPLATE(1)\RAACOMPUTERGRAPHICSASSIGNMENT1-TEMPLATE\RAAMATHS\DEBUG\RAAMATHS.PCH
D:\0\DROPBOX\UNI DOCUMENTS\COMPUTER GRAPHICS\ASSIGNMENT\RAACOMPUTERGRAPHICSASSIGNMENT1-TEMPLATE(1)\RAACOMPUTERGRAPHICSASSIGNMENT1-TEMPLATE\RAAMATHS\DEBUG\RAAMATRIX.OBJ
D:\0\DROPBOX\UNI DOCUMENTS\COMPUTER GRAPHICS\ASSIGNMENT\RAACOMPUTERGRAPHICSASSIGNMENT1-TEMPLATE(1)\RAACOMPUTERGRAPHICSASSIGNMENT1-TEMPLATE\RAAMATHS\DEBUG\RAAVECTOR.OBJ
D:\0\DROPBOX\UNI DOCUMENTS\COMPUTER GRAPHICS\ASSIGNMENT\RAACOMPUTERGRAPHICSASSIGNMENT1-TEMPLATE(1)\RAACOMPUTERGRAPHICSASSIGNMENT1-TEMPLATE\RAAMATHS\DEBUG\STDAFX.OBJ
D:\0\Dropbox\Uni Documents\Computer Graphics\Assignment\raaComputerGraphicsAssignment1-template(1)\raaComputerGraphicsAssignment1-template\raaMaths\Debug\vc100.idb
D:\0\DROPBOX\UNI DOCUMENTS\COMPUTER GRAPHICS\ASSIGNMENT\RAACOMPUTERGRAPHICSASSIGNMENT1-TEMPLATE(1)\RAACOMPUTERGRAPHICSASSIGNMENT1-TEMPLATE\RAAMATHS\DEBUG\VC100.PDB
