  jrUniverseSimulation.cpp
jrUniverseSimulation.cpp(1123): warning C4996: 'fopen': This function or variable may be unsafe. Consider using fopen_s instead. To disable deprecation, use _CRT_SECURE_NO_WARNINGS. See online help for details.
          d:\Visual Studio\VC\include\stdio.h(234) : see declaration of 'fopen'
jrUniverseSimulation.cpp(1157): warning C4996: 'strcpy': This function or variable may be unsafe. Consider using strcpy_s instead. To disable deprecation, use _CRT_SECURE_NO_WARNINGS. See online help for details.
          d:\Visual Studio\VC\include\string.h(105) : see declaration of 'strcpy'
jrUniverseSimulation.cpp(1160): warning C4996: 'fopen': This function or variable may be unsafe. Consider using fopen_s instead. To disable deprecation, use _CRT_SECURE_NO_WARNINGS. See online help for details.
          d:\Visual Studio\VC\include\stdio.h(234) : see declaration of 'fopen'
jrUniverseSimulation.cpp(1164): warning C4996: 'fscanf': This function or variable may be unsafe. Consider using fscanf_s instead. To disable deprecation, use _CRT_SECURE_NO_WARNINGS. See online help for details.
          d:\Visual Studio\VC\include\stdio.h(253) : see declaration of 'fscanf'
jrUniverseSimulation.cpp(1166): warning C4996: 'strtok': This function or variable may be unsafe. Consider using strtok_s instead. To disable deprecation, use _CRT_SECURE_NO_WARNINGS. See online help for details.
          d:\Visual Studio\VC\include\string.h(197) : see declaration of 'strtok'
jrUniverseSimulation.cpp(1173): warning C4996: 'strtok': This function or variable may be unsafe. Consider using strtok_s instead. To disable deprecation, use _CRT_SECURE_NO_WARNINGS. See online help for details.
          d:\Visual Studio\VC\include\string.h(197) : see declaration of 'strtok'
jrUniverseSimulation.cpp(1176): warning C4996: 'strtok': This function or variable may be unsafe. Consider using strtok_s instead. To disable deprecation, use _CRT_SECURE_NO_WARNINGS. See online help for details.
          d:\Visual Studio\VC\include\string.h(197) : see declaration of 'strtok'
jrUniverseSimulation.cpp(1179): warning C4996: 'strtok': This function or variable may be unsafe. Consider using strtok_s instead. To disable deprecation, use _CRT_SECURE_NO_WARNINGS. See online help for details.
          d:\Visual Studio\VC\include\string.h(197) : see declaration of 'strtok'
jrUniverseSimulation.cpp(1182): warning C4996: 'strtok': This function or variable may be unsafe. Consider using strtok_s instead. To disable deprecation, use _CRT_SECURE_NO_WARNINGS. See online help for details.
          d:\Visual Studio\VC\include\string.h(197) : see declaration of 'strtok'
jrUniverseSimulation.cpp(1184): warning C4996: 'strtok': This function or variable may be unsafe. Consider using strtok_s instead. To disable deprecation, use _CRT_SECURE_NO_WARNINGS. See online help for details.
          d:\Visual Studio\VC\include\string.h(197) : see declaration of 'strtok'
jrUniverseSimulation.cpp(1186): warning C4996: 'strtok': This function or variable may be unsafe. Consider using strtok_s instead. To disable deprecation, use _CRT_SECURE_NO_WARNINGS. See online help for details.
          d:\Visual Studio\VC\include\string.h(197) : see declaration of 'strtok'
jrUniverseSimulation.cpp(1188): warning C4996: 'strtok': This function or variable may be unsafe. Consider using strtok_s instead. To disable deprecation, use _CRT_SECURE_NO_WARNINGS. See online help for details.
          d:\Visual Studio\VC\include\string.h(197) : see declaration of 'strtok'
jrUniverseSimulation.cpp(1193): warning C4996: 'strtok': This function or variable may be unsafe. Consider using strtok_s instead. To disable deprecation, use _CRT_SECURE_NO_WARNINGS. See online help for details.
          d:\Visual Studio\VC\include\string.h(197) : see declaration of 'strtok'
jrUniverseSimulation.cpp(1195): warning C4996: 'strtok': This function or variable may be unsafe. Consider using strtok_s instead. To disable deprecation, use _CRT_SECURE_NO_WARNINGS. See online help for details.
          d:\Visual Studio\VC\include\string.h(197) : see declaration of 'strtok'
jrUniverseSimulation.cpp(1197): warning C4996: 'strtok': This function or variable may be unsafe. Consider using strtok_s instead. To disable deprecation, use _CRT_SECURE_NO_WARNINGS. See online help for details.
          d:\Visual Studio\VC\include\string.h(197) : see declaration of 'strtok'
jrUniverseSimulation.cpp(1199): warning C4996: 'strtok': This function or variable may be unsafe. Consider using strtok_s instead. To disable deprecation, use _CRT_SECURE_NO_WARNINGS. See online help for details.
          d:\Visual Studio\VC\include\string.h(197) : see declaration of 'strtok'
jrUniverseSimulation.cpp(1202): warning C4996: 'strtok': This function or variable may be unsafe. Consider using strtok_s instead. To disable deprecation, use _CRT_SECURE_NO_WARNINGS. See online help for details.
          d:\Visual Studio\VC\include\string.h(197) : see declaration of 'strtok'
jrUniverseSimulation.cpp(1204): warning C4996: 'strtok': This function or variable may be unsafe. Consider using strtok_s instead. To disable deprecation, use _CRT_SECURE_NO_WARNINGS. See online help for details.
          d:\Visual Studio\VC\include\string.h(197) : see declaration of 'strtok'
jrUniverseSimulation.cpp(1206): warning C4996: 'strtok': This function or variable may be unsafe. Consider using strtok_s instead. To disable deprecation, use _CRT_SECURE_NO_WARNINGS. See online help for details.
          d:\Visual Studio\VC\include\string.h(197) : see declaration of 'strtok'
jrUniverseSimulation.cpp(1208): warning C4996: 'strtok': This function or variable may be unsafe. Consider using strtok_s instead. To disable deprecation, use _CRT_SECURE_NO_WARNINGS. See online help for details.
          d:\Visual Studio\VC\include\string.h(197) : see declaration of 'strtok'
jrUniverseSimulation.cpp(1211): warning C4996: 'strtok': This function or variable may be unsafe. Consider using strtok_s instead. To disable deprecation, use _CRT_SECURE_NO_WARNINGS. See online help for details.
          d:\Visual Studio\VC\include\string.h(197) : see declaration of 'strtok'
jrUniverseSimulation.cpp(1213): warning C4996: 'strtok': This function or variable may be unsafe. Consider using strtok_s instead. To disable deprecation, use _CRT_SECURE_NO_WARNINGS. See online help for details.
          d:\Visual Studio\VC\include\string.h(197) : see declaration of 'strtok'
jrUniverseSimulation.cpp(1215): warning C4996: 'strtok': This function or variable may be unsafe. Consider using strtok_s instead. To disable deprecation, use _CRT_SECURE_NO_WARNINGS. See online help for details.
          d:\Visual Studio\VC\include\string.h(197) : see declaration of 'strtok'
jrUniverseSimulation.cpp(1217): warning C4996: 'strtok': This function or variable may be unsafe. Consider using strtok_s instead. To disable deprecation, use _CRT_SECURE_NO_WARNINGS. See online help for details.
          d:\Visual Studio\VC\include\string.h(197) : see declaration of 'strtok'
jrUniverseSimulation.cpp(1220): warning C4996: 'strtok': This function or variable may be unsafe. Consider using strtok_s instead. To disable deprecation, use _CRT_SECURE_NO_WARNINGS. See online help for details.
          d:\Visual Studio\VC\include\string.h(197) : see declaration of 'strtok'
jrUniverseSimulation.cpp(1222): warning C4996: 'strtok': This function or variable may be unsafe. Consider using strtok_s instead. To disable deprecation, use _CRT_SECURE_NO_WARNINGS. See online help for details.
          d:\Visual Studio\VC\include\string.h(197) : see declaration of 'strtok'
jrUniverseSimulation.cpp(1224): warning C4996: 'strtok': This function or variable may be unsafe. Consider using strtok_s instead. To disable deprecation, use _CRT_SECURE_NO_WARNINGS. See online help for details.
          d:\Visual Studio\VC\include\string.h(197) : see declaration of 'strtok'
jrUniverseSimulation.cpp(1226): warning C4996: 'strtok': This function or variable may be unsafe. Consider using strtok_s instead. To disable deprecation, use _CRT_SECURE_NO_WARNINGS. See online help for details.
          d:\Visual Studio\VC\include\string.h(197) : see declaration of 'strtok'
jrUniverseSimulation.cpp(1229): warning C4996: 'strtok': This function or variable may be unsafe. Consider using strtok_s instead. To disable deprecation, use _CRT_SECURE_NO_WARNINGS. See online help for details.
          d:\Visual Studio\VC\include\string.h(197) : see declaration of 'strtok'
jrUniverseSimulation.cpp(1231): warning C4996: 'strtok': This function or variable may be unsafe. Consider using strtok_s instead. To disable deprecation, use _CRT_SECURE_NO_WARNINGS. See online help for details.
          d:\Visual Studio\VC\include\string.h(197) : see declaration of 'strtok'
jrUniverseSimulation.cpp(1233): warning C4996: 'strtok': This function or variable may be unsafe. Consider using strtok_s instead. To disable deprecation, use _CRT_SECURE_NO_WARNINGS. See online help for details.
          d:\Visual Studio\VC\include\string.h(197) : see declaration of 'strtok'
jrUniverseSimulation.cpp(1235): warning C4996: 'strtok': This function or variable may be unsafe. Consider using strtok_s instead. To disable deprecation, use _CRT_SECURE_NO_WARNINGS. See online help for details.
          d:\Visual Studio\VC\include\string.h(197) : see declaration of 'strtok'
jrUniverseSimulation.cpp(1238): warning C4996: 'strtok': This function or variable may be unsafe. Consider using strtok_s instead. To disable deprecation, use _CRT_SECURE_NO_WARNINGS. See online help for details.
          d:\Visual Studio\VC\include\string.h(197) : see declaration of 'strtok'
jrUniverseSimulation.cpp(1241): warning C4996: 'strtok': This function or variable may be unsafe. Consider using strtok_s instead. To disable deprecation, use _CRT_SECURE_NO_WARNINGS. See online help for details.
          d:\Visual Studio\VC\include\string.h(197) : see declaration of 'strtok'
jrUniverseSimulation.cpp(1252): warning C4996: 'strtok': This function or variable may be unsafe. Consider using strtok_s instead. To disable deprecation, use _CRT_SECURE_NO_WARNINGS. See online help for details.
          d:\Visual Studio\VC\include\string.h(197) : see declaration of 'strtok'
jrUniverseSimulation.cpp(1255): warning C4996: 'strtok': This function or variable may be unsafe. Consider using strtok_s instead. To disable deprecation, use _CRT_SECURE_NO_WARNINGS. See online help for details.
          d:\Visual Studio\VC\include\string.h(197) : see declaration of 'strtok'
jrUniverseSimulation.cpp(1258): warning C4996: 'strtok': This function or variable may be unsafe. Consider using strtok_s instead. To disable deprecation, use _CRT_SECURE_NO_WARNINGS. See online help for details.
          d:\Visual Studio\VC\include\string.h(197) : see declaration of 'strtok'
SOIL.lib(SOIL.obj) : warning LNK4075: ignoring '/EDITANDCONTINUE' due to '/OPT:ICF' specification
LINK : warning LNK4098: defaultlib 'MSVCRTD' conflicts with use of other libs; use /NODEFAULTLIB:library
  Generating code
  Finished generating code
SOIL.lib(image_DXT.obj) : warning LNK4099: PDB 'vc100.pdb' was not found with 'SOIL.lib(image_DXT.obj)' or at 'D:\0\Dropbox\Uni Documents\Computer Graphics\UniverseSimulation\Release\vc100.pdb'; linking object as if no debug info
SOIL.lib(image_helper.obj) : warning LNK4099: PDB 'vc100.pdb' was not found with 'SOIL.lib(image_helper.obj)' or at 'D:\0\Dropbox\Uni Documents\Computer Graphics\UniverseSimulation\Release\vc100.pdb'; linking object as if no debug info
SOIL.lib(SOIL.obj) : warning LNK4099: PDB 'vc100.pdb' was not found with 'SOIL.lib(SOIL.obj)' or at 'D:\0\Dropbox\Uni Documents\Computer Graphics\UniverseSimulation\Release\vc100.pdb'; linking object as if no debug info
SOIL.lib(stb_image_aug.obj) : warning LNK4099: PDB 'vc100.pdb' was not found with 'SOIL.lib(stb_image_aug.obj)' or at 'D:\0\Dropbox\Uni Documents\Computer Graphics\UniverseSimulation\Release\vc100.pdb'; linking object as if no debug info
  raaComputerGraphicsAssignment1.vcxproj -> D:\0\Dropbox\Uni Documents\Computer Graphics\UniverseSimulation\Release\UniverseSimulation.exe
